[2024-06-18T12:53:02.738+0000] {local_task_job_runner.py:120} INFO - ::group::Pre task execution logs
[2024-06-18T12:53:02.754+0000] {taskinstance.py:2076} INFO - Dependencies all met for dep_context=non-requeueable deps ti=<TaskInstance: dag_with_mysql_operator_v04.delete_data_from_table manual__2024-06-18T12:53:00.599961+00:00 [queued]>
[2024-06-18T12:53:02.759+0000] {taskinstance.py:2076} INFO - Dependencies all met for dep_context=requeueable deps ti=<TaskInstance: dag_with_mysql_operator_v04.delete_data_from_table manual__2024-06-18T12:53:00.599961+00:00 [queued]>
[2024-06-18T12:53:02.760+0000] {taskinstance.py:2306} INFO - Starting attempt 1 of 3
[2024-06-18T12:53:02.768+0000] {taskinstance.py:2330} INFO - Executing <Task(MySqlOperator): delete_data_from_table> on 2024-06-18 12:53:00.599961+00:00
[2024-06-18T12:53:02.772+0000] {warnings.py:112} WARNING - /home/***/.local/lib/python3.12/site-packages/***/task/task_runner/standard_task_runner.py:61: DeprecationWarning: This process (pid=5881) is multi-threaded, use of fork() may lead to deadlocks in the child.
  pid = os.fork()

[2024-06-18T12:53:02.774+0000] {standard_task_runner.py:63} INFO - Started process 5882 to run task
[2024-06-18T12:53:02.773+0000] {standard_task_runner.py:90} INFO - Running: ['***', 'tasks', 'run', 'dag_with_mysql_operator_v04', 'delete_data_from_table', 'manual__2024-06-18T12:53:00.599961+00:00', '--job-id', '731', '--raw', '--subdir', 'DAGS_FOLDER/mysql_dag.py', '--cfg-path', '/tmp/tmpz6kr37fj']
[2024-06-18T12:53:02.774+0000] {standard_task_runner.py:91} INFO - Job 731: Subtask delete_data_from_table
[2024-06-18T12:53:02.805+0000] {task_command.py:426} INFO - Running <TaskInstance: dag_with_mysql_operator_v04.delete_data_from_table manual__2024-06-18T12:53:00.599961+00:00 [running]> on host 195daacf7793
[2024-06-18T12:53:02.859+0000] {taskinstance.py:2648} INFO - Exporting env vars: AIRFLOW_CTX_DAG_OWNER='***' AIRFLOW_CTX_DAG_ID='dag_with_mysql_operator_v04' AIRFLOW_CTX_TASK_ID='delete_data_from_table' AIRFLOW_CTX_EXECUTION_DATE='2024-06-18T12:53:00.599961+00:00' AIRFLOW_CTX_TRY_NUMBER='1' AIRFLOW_CTX_DAG_RUN_ID='manual__2024-06-18T12:53:00.599961+00:00'
[2024-06-18T12:53:02.860+0000] {taskinstance.py:430} INFO - ::endgroup::
[2024-06-18T12:53:02.868+0000] {sql.py:276} INFO - Executing: 
            delete from dag_runs where dt = '2024-06-18' and dag_id = 'dag_with_mysql_operator_v04';
        
[2024-06-18T12:53:02.873+0000] {base.py:84} INFO - Using connection ID 'mysql_localhost' for task execution.
[2024-06-18T12:53:02.878+0000] {base.py:84} INFO - Using connection ID 'mysql_localhost' for task execution.
[2024-06-18T12:53:02.883+0000] {sql.py:487} INFO - Running statement: 
            delete from dag_runs where dt = '2024-06-18' and dag_id = 'dag_with_mysql_operator_v04';
        , parameters: None
[2024-06-18T12:53:02.883+0000] {sql.py:496} INFO - Rows affected: 1
[2024-06-18T12:53:02.887+0000] {taskinstance.py:441} INFO - ::group::Post task execution logs
[2024-06-18T12:53:02.893+0000] {taskinstance.py:1206} INFO - Marking task as SUCCESS. dag_id=dag_with_mysql_operator_v04, task_id=delete_data_from_table, run_id=manual__2024-06-18T12:53:00.599961+00:00, execution_date=20240618T125300, start_date=20240618T125302, end_date=20240618T125302
[2024-06-18T12:53:02.908+0000] {local_task_job_runner.py:240} INFO - Task exited with return code 0
[2024-06-18T12:53:02.914+0000] {warnings.py:112} WARNING - /home/***/.local/lib/python3.12/site-packages/***/models/baseoperator.py:1297: AirflowProviderDeprecationWarning: Call to deprecated class MySqlOperator. (Please use `***.providers.common.sql.operators.sql.SQLExecuteQueryOperator`.Also, you can provide `hook_params={'schema': <database>}`.)
  result = cls.__new__(cls)

[2024-06-18T12:53:02.921+0000] {taskinstance.py:3503} INFO - 1 downstream tasks scheduled from follow-on schedule check
[2024-06-18T12:53:02.922+0000] {local_task_job_runner.py:222} INFO - ::endgroup::
