[2024-06-18T08:10:55.980+0000] {processor.py:161} INFO - Started process (PID=79) to work on /home/airflow/.local/lib/python3.12/site-packages/airflow/example_dags/example_branch_python_dop_operator_3.py
[2024-06-18T08:10:55.981+0000] {processor.py:830} INFO - Processing file /home/airflow/.local/lib/python3.12/site-packages/airflow/example_dags/example_branch_python_dop_operator_3.py for tasks to queue
[2024-06-18T08:10:55.982+0000] {logging_mixin.py:188} INFO - [2024-06-18T08:10:55.982+0000] {dagbag.py:545} INFO - Filling up the DagBag from /home/airflow/.local/lib/python3.12/site-packages/airflow/example_dags/example_branch_python_dop_operator_3.py
[2024-06-18T08:10:55.991+0000] {processor.py:840} INFO - DAG(s) 'example_branch_dop_operator_v3' retrieved from /home/airflow/.local/lib/python3.12/site-packages/airflow/example_dags/example_branch_python_dop_operator_3.py
[2024-06-18T08:10:56.000+0000] {logging_mixin.py:188} INFO - [2024-06-18T08:10:56.000+0000] {dag.py:3096} INFO - Sync 1 DAGs
[2024-06-18T08:10:56.020+0000] {logging_mixin.py:188} INFO - [2024-06-18T08:10:56.020+0000] {dag.py:3954} INFO - Setting next_dagrun for example_branch_dop_operator_v3 to 2024-06-18 08:09:00+00:00, run_after=2024-06-18 08:10:00+00:00
[2024-06-18T08:10:56.033+0000] {processor.py:183} INFO - Processing /home/airflow/.local/lib/python3.12/site-packages/airflow/example_dags/example_branch_python_dop_operator_3.py took 0.058 seconds
[2024-06-18T08:11:27.120+0000] {processor.py:161} INFO - Started process (PID=137) to work on /home/airflow/.local/lib/python3.12/site-packages/airflow/example_dags/example_branch_python_dop_operator_3.py
[2024-06-18T08:11:27.121+0000] {processor.py:830} INFO - Processing file /home/airflow/.local/lib/python3.12/site-packages/airflow/example_dags/example_branch_python_dop_operator_3.py for tasks to queue
[2024-06-18T08:11:27.122+0000] {logging_mixin.py:188} INFO - [2024-06-18T08:11:27.122+0000] {dagbag.py:545} INFO - Filling up the DagBag from /home/airflow/.local/lib/python3.12/site-packages/airflow/example_dags/example_branch_python_dop_operator_3.py
[2024-06-18T08:11:27.128+0000] {processor.py:840} INFO - DAG(s) 'example_branch_dop_operator_v3' retrieved from /home/airflow/.local/lib/python3.12/site-packages/airflow/example_dags/example_branch_python_dop_operator_3.py
[2024-06-18T08:11:27.204+0000] {logging_mixin.py:188} INFO - [2024-06-18T08:11:27.204+0000] {dag.py:3096} INFO - Sync 1 DAGs
[2024-06-18T08:11:27.220+0000] {logging_mixin.py:188} INFO - [2024-06-18T08:11:27.220+0000] {dag.py:3954} INFO - Setting next_dagrun for example_branch_dop_operator_v3 to 2024-06-18 08:10:00+00:00, run_after=2024-06-18 08:11:00+00:00
[2024-06-18T08:11:27.234+0000] {processor.py:183} INFO - Processing /home/airflow/.local/lib/python3.12/site-packages/airflow/example_dags/example_branch_python_dop_operator_3.py took 0.118 seconds
[2024-06-18T08:11:57.428+0000] {processor.py:161} INFO - Started process (PID=194) to work on /home/airflow/.local/lib/python3.12/site-packages/airflow/example_dags/example_branch_python_dop_operator_3.py
[2024-06-18T08:11:57.429+0000] {processor.py:830} INFO - Processing file /home/airflow/.local/lib/python3.12/site-packages/airflow/example_dags/example_branch_python_dop_operator_3.py for tasks to queue
[2024-06-18T08:11:57.430+0000] {logging_mixin.py:188} INFO - [2024-06-18T08:11:57.430+0000] {dagbag.py:545} INFO - Filling up the DagBag from /home/airflow/.local/lib/python3.12/site-packages/airflow/example_dags/example_branch_python_dop_operator_3.py
[2024-06-18T08:11:57.436+0000] {processor.py:840} INFO - DAG(s) 'example_branch_dop_operator_v3' retrieved from /home/airflow/.local/lib/python3.12/site-packages/airflow/example_dags/example_branch_python_dop_operator_3.py
[2024-06-18T08:11:57.449+0000] {logging_mixin.py:188} INFO - [2024-06-18T08:11:57.449+0000] {dag.py:3096} INFO - Sync 1 DAGs
[2024-06-18T08:11:57.466+0000] {logging_mixin.py:188} INFO - [2024-06-18T08:11:57.465+0000] {dag.py:3954} INFO - Setting next_dagrun for example_branch_dop_operator_v3 to 2024-06-18 08:10:00+00:00, run_after=2024-06-18 08:11:00+00:00
[2024-06-18T08:11:57.477+0000] {processor.py:183} INFO - Processing /home/airflow/.local/lib/python3.12/site-packages/airflow/example_dags/example_branch_python_dop_operator_3.py took 0.053 seconds
[2024-06-18T08:12:27.995+0000] {processor.py:161} INFO - Started process (PID=252) to work on /home/airflow/.local/lib/python3.12/site-packages/airflow/example_dags/example_branch_python_dop_operator_3.py
[2024-06-18T08:12:27.996+0000] {processor.py:830} INFO - Processing file /home/airflow/.local/lib/python3.12/site-packages/airflow/example_dags/example_branch_python_dop_operator_3.py for tasks to queue
[2024-06-18T08:12:27.998+0000] {logging_mixin.py:188} INFO - [2024-06-18T08:12:27.998+0000] {dagbag.py:545} INFO - Filling up the DagBag from /home/airflow/.local/lib/python3.12/site-packages/airflow/example_dags/example_branch_python_dop_operator_3.py
[2024-06-18T08:12:28.004+0000] {processor.py:840} INFO - DAG(s) 'example_branch_dop_operator_v3' retrieved from /home/airflow/.local/lib/python3.12/site-packages/airflow/example_dags/example_branch_python_dop_operator_3.py
[2024-06-18T08:12:28.019+0000] {logging_mixin.py:188} INFO - [2024-06-18T08:12:28.019+0000] {dag.py:3096} INFO - Sync 1 DAGs
[2024-06-18T08:12:28.037+0000] {logging_mixin.py:188} INFO - [2024-06-18T08:12:28.037+0000] {dag.py:3954} INFO - Setting next_dagrun for example_branch_dop_operator_v3 to 2024-06-18 08:11:00+00:00, run_after=2024-06-18 08:12:00+00:00
[2024-06-18T08:12:28.051+0000] {processor.py:183} INFO - Processing /home/airflow/.local/lib/python3.12/site-packages/airflow/example_dags/example_branch_python_dop_operator_3.py took 0.060 seconds
[2024-06-18T08:12:58.481+0000] {processor.py:161} INFO - Started process (PID=309) to work on /home/airflow/.local/lib/python3.12/site-packages/airflow/example_dags/example_branch_python_dop_operator_3.py
[2024-06-18T08:12:58.482+0000] {processor.py:830} INFO - Processing file /home/airflow/.local/lib/python3.12/site-packages/airflow/example_dags/example_branch_python_dop_operator_3.py for tasks to queue
[2024-06-18T08:12:58.484+0000] {logging_mixin.py:188} INFO - [2024-06-18T08:12:58.484+0000] {dagbag.py:545} INFO - Filling up the DagBag from /home/airflow/.local/lib/python3.12/site-packages/airflow/example_dags/example_branch_python_dop_operator_3.py
[2024-06-18T08:12:58.491+0000] {processor.py:840} INFO - DAG(s) 'example_branch_dop_operator_v3' retrieved from /home/airflow/.local/lib/python3.12/site-packages/airflow/example_dags/example_branch_python_dop_operator_3.py
[2024-06-18T08:12:58.513+0000] {logging_mixin.py:188} INFO - [2024-06-18T08:12:58.513+0000] {dag.py:3096} INFO - Sync 1 DAGs
[2024-06-18T08:12:58.540+0000] {logging_mixin.py:188} INFO - [2024-06-18T08:12:58.540+0000] {dag.py:3954} INFO - Setting next_dagrun for example_branch_dop_operator_v3 to 2024-06-18 08:11:00+00:00, run_after=2024-06-18 08:12:00+00:00
[2024-06-18T08:12:58.560+0000] {processor.py:183} INFO - Processing /home/airflow/.local/lib/python3.12/site-packages/airflow/example_dags/example_branch_python_dop_operator_3.py took 0.083 seconds
[2024-06-18T08:13:29.224+0000] {processor.py:161} INFO - Started process (PID=367) to work on /home/airflow/.local/lib/python3.12/site-packages/airflow/example_dags/example_branch_python_dop_operator_3.py
[2024-06-18T08:13:29.226+0000] {processor.py:830} INFO - Processing file /home/airflow/.local/lib/python3.12/site-packages/airflow/example_dags/example_branch_python_dop_operator_3.py for tasks to queue
[2024-06-18T08:13:29.228+0000] {logging_mixin.py:188} INFO - [2024-06-18T08:13:29.227+0000] {dagbag.py:545} INFO - Filling up the DagBag from /home/airflow/.local/lib/python3.12/site-packages/airflow/example_dags/example_branch_python_dop_operator_3.py
[2024-06-18T08:13:29.234+0000] {processor.py:840} INFO - DAG(s) 'example_branch_dop_operator_v3' retrieved from /home/airflow/.local/lib/python3.12/site-packages/airflow/example_dags/example_branch_python_dop_operator_3.py
[2024-06-18T08:13:29.250+0000] {logging_mixin.py:188} INFO - [2024-06-18T08:13:29.250+0000] {dag.py:3096} INFO - Sync 1 DAGs
[2024-06-18T08:13:29.268+0000] {logging_mixin.py:188} INFO - [2024-06-18T08:13:29.268+0000] {dag.py:3954} INFO - Setting next_dagrun for example_branch_dop_operator_v3 to 2024-06-18 08:12:00+00:00, run_after=2024-06-18 08:13:00+00:00
[2024-06-18T08:13:29.283+0000] {processor.py:183} INFO - Processing /home/airflow/.local/lib/python3.12/site-packages/airflow/example_dags/example_branch_python_dop_operator_3.py took 0.063 seconds
[2024-06-18T08:13:59.628+0000] {processor.py:161} INFO - Started process (PID=425) to work on /home/airflow/.local/lib/python3.12/site-packages/airflow/example_dags/example_branch_python_dop_operator_3.py
[2024-06-18T08:13:59.629+0000] {processor.py:830} INFO - Processing file /home/airflow/.local/lib/python3.12/site-packages/airflow/example_dags/example_branch_python_dop_operator_3.py for tasks to queue
[2024-06-18T08:13:59.631+0000] {logging_mixin.py:188} INFO - [2024-06-18T08:13:59.631+0000] {dagbag.py:545} INFO - Filling up the DagBag from /home/airflow/.local/lib/python3.12/site-packages/airflow/example_dags/example_branch_python_dop_operator_3.py
[2024-06-18T08:13:59.637+0000] {processor.py:840} INFO - DAG(s) 'example_branch_dop_operator_v3' retrieved from /home/airflow/.local/lib/python3.12/site-packages/airflow/example_dags/example_branch_python_dop_operator_3.py
[2024-06-18T08:13:59.651+0000] {logging_mixin.py:188} INFO - [2024-06-18T08:13:59.651+0000] {dag.py:3096} INFO - Sync 1 DAGs
[2024-06-18T08:13:59.669+0000] {logging_mixin.py:188} INFO - [2024-06-18T08:13:59.668+0000] {dag.py:3954} INFO - Setting next_dagrun for example_branch_dop_operator_v3 to 2024-06-18 08:12:00+00:00, run_after=2024-06-18 08:13:00+00:00
[2024-06-18T08:13:59.682+0000] {processor.py:183} INFO - Processing /home/airflow/.local/lib/python3.12/site-packages/airflow/example_dags/example_branch_python_dop_operator_3.py took 0.058 seconds
