[2024-06-18T08:10:56.144+0000] {processor.py:161} INFO - Started process (PID=83) to work on /home/airflow/.local/lib/python3.12/site-packages/airflow/example_dags/example_latest_only_with_trigger.py
[2024-06-18T08:10:56.145+0000] {processor.py:830} INFO - Processing file /home/airflow/.local/lib/python3.12/site-packages/airflow/example_dags/example_latest_only_with_trigger.py for tasks to queue
[2024-06-18T08:10:56.147+0000] {logging_mixin.py:188} INFO - [2024-06-18T08:10:56.147+0000] {dagbag.py:545} INFO - Filling up the DagBag from /home/airflow/.local/lib/python3.12/site-packages/airflow/example_dags/example_latest_only_with_trigger.py
[2024-06-18T08:10:56.154+0000] {processor.py:840} INFO - DAG(s) 'latest_only_with_trigger' retrieved from /home/airflow/.local/lib/python3.12/site-packages/airflow/example_dags/example_latest_only_with_trigger.py
[2024-06-18T08:10:56.164+0000] {logging_mixin.py:188} INFO - [2024-06-18T08:10:56.164+0000] {dag.py:3096} INFO - Sync 1 DAGs
[2024-06-18T08:10:56.181+0000] {logging_mixin.py:188} INFO - [2024-06-18T08:10:56.181+0000] {dag.py:3954} INFO - Setting next_dagrun for latest_only_with_trigger to 2024-06-18 04:00:00+00:00, run_after=2024-06-18 08:00:00+00:00
[2024-06-18T08:10:56.196+0000] {processor.py:183} INFO - Processing /home/airflow/.local/lib/python3.12/site-packages/airflow/example_dags/example_latest_only_with_trigger.py took 0.057 seconds
[2024-06-18T08:11:27.376+0000] {processor.py:161} INFO - Started process (PID=141) to work on /home/airflow/.local/lib/python3.12/site-packages/airflow/example_dags/example_latest_only_with_trigger.py
[2024-06-18T08:11:27.376+0000] {processor.py:830} INFO - Processing file /home/airflow/.local/lib/python3.12/site-packages/airflow/example_dags/example_latest_only_with_trigger.py for tasks to queue
[2024-06-18T08:11:27.378+0000] {logging_mixin.py:188} INFO - [2024-06-18T08:11:27.377+0000] {dagbag.py:545} INFO - Filling up the DagBag from /home/airflow/.local/lib/python3.12/site-packages/airflow/example_dags/example_latest_only_with_trigger.py
[2024-06-18T08:11:27.382+0000] {processor.py:840} INFO - DAG(s) 'latest_only_with_trigger' retrieved from /home/airflow/.local/lib/python3.12/site-packages/airflow/example_dags/example_latest_only_with_trigger.py
[2024-06-18T08:11:27.448+0000] {logging_mixin.py:188} INFO - [2024-06-18T08:11:27.448+0000] {dag.py:3096} INFO - Sync 1 DAGs
[2024-06-18T08:11:27.461+0000] {logging_mixin.py:188} INFO - [2024-06-18T08:11:27.460+0000] {dag.py:3954} INFO - Setting next_dagrun for latest_only_with_trigger to 2024-06-18 04:00:00+00:00, run_after=2024-06-18 08:00:00+00:00
[2024-06-18T08:11:27.475+0000] {processor.py:183} INFO - Processing /home/airflow/.local/lib/python3.12/site-packages/airflow/example_dags/example_latest_only_with_trigger.py took 0.104 seconds
[2024-06-18T08:11:57.561+0000] {processor.py:161} INFO - Started process (PID=198) to work on /home/airflow/.local/lib/python3.12/site-packages/airflow/example_dags/example_latest_only_with_trigger.py
[2024-06-18T08:11:57.562+0000] {processor.py:830} INFO - Processing file /home/airflow/.local/lib/python3.12/site-packages/airflow/example_dags/example_latest_only_with_trigger.py for tasks to queue
[2024-06-18T08:11:57.563+0000] {logging_mixin.py:188} INFO - [2024-06-18T08:11:57.563+0000] {dagbag.py:545} INFO - Filling up the DagBag from /home/airflow/.local/lib/python3.12/site-packages/airflow/example_dags/example_latest_only_with_trigger.py
[2024-06-18T08:11:57.567+0000] {processor.py:840} INFO - DAG(s) 'latest_only_with_trigger' retrieved from /home/airflow/.local/lib/python3.12/site-packages/airflow/example_dags/example_latest_only_with_trigger.py
[2024-06-18T08:11:57.581+0000] {logging_mixin.py:188} INFO - [2024-06-18T08:11:57.580+0000] {dag.py:3096} INFO - Sync 1 DAGs
[2024-06-18T08:11:57.596+0000] {logging_mixin.py:188} INFO - [2024-06-18T08:11:57.596+0000] {dag.py:3954} INFO - Setting next_dagrun for latest_only_with_trigger to 2024-06-18 04:00:00+00:00, run_after=2024-06-18 08:00:00+00:00
[2024-06-18T08:11:57.608+0000] {processor.py:183} INFO - Processing /home/airflow/.local/lib/python3.12/site-packages/airflow/example_dags/example_latest_only_with_trigger.py took 0.052 seconds
[2024-06-18T08:12:28.225+0000] {processor.py:161} INFO - Started process (PID=256) to work on /home/airflow/.local/lib/python3.12/site-packages/airflow/example_dags/example_latest_only_with_trigger.py
[2024-06-18T08:12:28.226+0000] {processor.py:830} INFO - Processing file /home/airflow/.local/lib/python3.12/site-packages/airflow/example_dags/example_latest_only_with_trigger.py for tasks to queue
[2024-06-18T08:12:28.228+0000] {logging_mixin.py:188} INFO - [2024-06-18T08:12:28.227+0000] {dagbag.py:545} INFO - Filling up the DagBag from /home/airflow/.local/lib/python3.12/site-packages/airflow/example_dags/example_latest_only_with_trigger.py
[2024-06-18T08:12:28.232+0000] {processor.py:840} INFO - DAG(s) 'latest_only_with_trigger' retrieved from /home/airflow/.local/lib/python3.12/site-packages/airflow/example_dags/example_latest_only_with_trigger.py
[2024-06-18T08:12:28.246+0000] {logging_mixin.py:188} INFO - [2024-06-18T08:12:28.246+0000] {dag.py:3096} INFO - Sync 1 DAGs
[2024-06-18T08:12:28.261+0000] {logging_mixin.py:188} INFO - [2024-06-18T08:12:28.261+0000] {dag.py:3954} INFO - Setting next_dagrun for latest_only_with_trigger to 2024-06-18 04:00:00+00:00, run_after=2024-06-18 08:00:00+00:00
[2024-06-18T08:12:28.280+0000] {processor.py:183} INFO - Processing /home/airflow/.local/lib/python3.12/site-packages/airflow/example_dags/example_latest_only_with_trigger.py took 0.059 seconds
[2024-06-18T08:12:58.747+0000] {processor.py:161} INFO - Started process (PID=313) to work on /home/airflow/.local/lib/python3.12/site-packages/airflow/example_dags/example_latest_only_with_trigger.py
[2024-06-18T08:12:58.748+0000] {processor.py:830} INFO - Processing file /home/airflow/.local/lib/python3.12/site-packages/airflow/example_dags/example_latest_only_with_trigger.py for tasks to queue
[2024-06-18T08:12:58.750+0000] {logging_mixin.py:188} INFO - [2024-06-18T08:12:58.749+0000] {dagbag.py:545} INFO - Filling up the DagBag from /home/airflow/.local/lib/python3.12/site-packages/airflow/example_dags/example_latest_only_with_trigger.py
[2024-06-18T08:12:58.754+0000] {processor.py:840} INFO - DAG(s) 'latest_only_with_trigger' retrieved from /home/airflow/.local/lib/python3.12/site-packages/airflow/example_dags/example_latest_only_with_trigger.py
[2024-06-18T08:12:58.771+0000] {logging_mixin.py:188} INFO - [2024-06-18T08:12:58.770+0000] {dag.py:3096} INFO - Sync 1 DAGs
[2024-06-18T08:12:58.790+0000] {logging_mixin.py:188} INFO - [2024-06-18T08:12:58.790+0000] {dag.py:3954} INFO - Setting next_dagrun for latest_only_with_trigger to 2024-06-18 04:00:00+00:00, run_after=2024-06-18 08:00:00+00:00
[2024-06-18T08:12:58.809+0000] {processor.py:183} INFO - Processing /home/airflow/.local/lib/python3.12/site-packages/airflow/example_dags/example_latest_only_with_trigger.py took 0.066 seconds
[2024-06-18T08:13:29.458+0000] {processor.py:161} INFO - Started process (PID=371) to work on /home/airflow/.local/lib/python3.12/site-packages/airflow/example_dags/example_latest_only_with_trigger.py
[2024-06-18T08:13:29.460+0000] {processor.py:830} INFO - Processing file /home/airflow/.local/lib/python3.12/site-packages/airflow/example_dags/example_latest_only_with_trigger.py for tasks to queue
[2024-06-18T08:13:29.461+0000] {logging_mixin.py:188} INFO - [2024-06-18T08:13:29.461+0000] {dagbag.py:545} INFO - Filling up the DagBag from /home/airflow/.local/lib/python3.12/site-packages/airflow/example_dags/example_latest_only_with_trigger.py
[2024-06-18T08:13:29.465+0000] {processor.py:840} INFO - DAG(s) 'latest_only_with_trigger' retrieved from /home/airflow/.local/lib/python3.12/site-packages/airflow/example_dags/example_latest_only_with_trigger.py
[2024-06-18T08:13:29.480+0000] {logging_mixin.py:188} INFO - [2024-06-18T08:13:29.480+0000] {dag.py:3096} INFO - Sync 1 DAGs
[2024-06-18T08:13:29.495+0000] {logging_mixin.py:188} INFO - [2024-06-18T08:13:29.495+0000] {dag.py:3954} INFO - Setting next_dagrun for latest_only_with_trigger to 2024-06-18 04:00:00+00:00, run_after=2024-06-18 08:00:00+00:00
[2024-06-18T08:13:29.512+0000] {processor.py:183} INFO - Processing /home/airflow/.local/lib/python3.12/site-packages/airflow/example_dags/example_latest_only_with_trigger.py took 0.057 seconds
[2024-06-18T08:13:59.786+0000] {processor.py:161} INFO - Started process (PID=429) to work on /home/airflow/.local/lib/python3.12/site-packages/airflow/example_dags/example_latest_only_with_trigger.py
[2024-06-18T08:13:59.787+0000] {processor.py:830} INFO - Processing file /home/airflow/.local/lib/python3.12/site-packages/airflow/example_dags/example_latest_only_with_trigger.py for tasks to queue
[2024-06-18T08:13:59.788+0000] {logging_mixin.py:188} INFO - [2024-06-18T08:13:59.788+0000] {dagbag.py:545} INFO - Filling up the DagBag from /home/airflow/.local/lib/python3.12/site-packages/airflow/example_dags/example_latest_only_with_trigger.py
[2024-06-18T08:13:59.793+0000] {processor.py:840} INFO - DAG(s) 'latest_only_with_trigger' retrieved from /home/airflow/.local/lib/python3.12/site-packages/airflow/example_dags/example_latest_only_with_trigger.py
[2024-06-18T08:13:59.810+0000] {logging_mixin.py:188} INFO - [2024-06-18T08:13:59.810+0000] {dag.py:3096} INFO - Sync 1 DAGs
[2024-06-18T08:13:59.825+0000] {logging_mixin.py:188} INFO - [2024-06-18T08:13:59.825+0000] {dag.py:3954} INFO - Setting next_dagrun for latest_only_with_trigger to 2024-06-18 04:00:00+00:00, run_after=2024-06-18 08:00:00+00:00
[2024-06-18T08:13:59.840+0000] {processor.py:183} INFO - Processing /home/airflow/.local/lib/python3.12/site-packages/airflow/example_dags/example_latest_only_with_trigger.py took 0.058 seconds
