[2024-06-18T08:10:55.151+0000] {processor.py:161} INFO - Started process (PID=57) to work on /home/airflow/.local/lib/python3.12/site-packages/airflow/example_dags/example_datasets.py
[2024-06-18T08:10:55.152+0000] {processor.py:830} INFO - Processing file /home/airflow/.local/lib/python3.12/site-packages/airflow/example_dags/example_datasets.py for tasks to queue
[2024-06-18T08:10:55.154+0000] {logging_mixin.py:188} INFO - [2024-06-18T08:10:55.153+0000] {dagbag.py:545} INFO - Filling up the DagBag from /home/airflow/.local/lib/python3.12/site-packages/airflow/example_dags/example_datasets.py
[2024-06-18T08:10:55.167+0000] {processor.py:840} INFO - DAG(s) 'consume_1_or_both_2_and_3_with_dataset_expressions', 'dataset_consumes_1_and_2', 'dataset_produces_2', 'consume_1_or_2_with_dataset_expressions', 'dataset_consumes_1_never_scheduled', 'dataset_produces_1', 'dataset_consumes_1', 'conditional_dataset_and_time_based_timetable', 'consume_1_and_2_with_dataset_expressions', 'dataset_consumes_unknown_never_scheduled' retrieved from /home/airflow/.local/lib/python3.12/site-packages/airflow/example_dags/example_datasets.py
[2024-06-18T08:10:55.179+0000] {logging_mixin.py:188} INFO - [2024-06-18T08:10:55.178+0000] {dag.py:3096} INFO - Sync 10 DAGs
[2024-06-18T08:10:55.198+0000] {logging_mixin.py:188} INFO - [2024-06-18T08:10:55.197+0000] {dag.py:3954} INFO - Setting next_dagrun for conditional_dataset_and_time_based_timetable to 2024-06-12 01:00:00+00:00, run_after=2024-06-12 01:00:00+00:00
[2024-06-18T08:10:55.200+0000] {logging_mixin.py:188} INFO - [2024-06-18T08:10:55.200+0000] {dag.py:3954} INFO - Setting next_dagrun for consume_1_and_2_with_dataset_expressions to None, run_after=None
[2024-06-18T08:10:55.202+0000] {logging_mixin.py:188} INFO - [2024-06-18T08:10:55.201+0000] {dag.py:3954} INFO - Setting next_dagrun for consume_1_or_2_with_dataset_expressions to None, run_after=None
[2024-06-18T08:10:55.203+0000] {logging_mixin.py:188} INFO - [2024-06-18T08:10:55.202+0000] {dag.py:3954} INFO - Setting next_dagrun for consume_1_or_both_2_and_3_with_dataset_expressions to None, run_after=None
[2024-06-18T08:10:55.203+0000] {logging_mixin.py:188} INFO - [2024-06-18T08:10:55.203+0000] {dag.py:3954} INFO - Setting next_dagrun for dataset_consumes_1 to None, run_after=None
[2024-06-18T08:10:55.204+0000] {logging_mixin.py:188} INFO - [2024-06-18T08:10:55.204+0000] {dag.py:3954} INFO - Setting next_dagrun for dataset_consumes_1_and_2 to None, run_after=None
[2024-06-18T08:10:55.205+0000] {logging_mixin.py:188} INFO - [2024-06-18T08:10:55.205+0000] {dag.py:3954} INFO - Setting next_dagrun for dataset_consumes_1_never_scheduled to None, run_after=None
[2024-06-18T08:10:55.206+0000] {logging_mixin.py:188} INFO - [2024-06-18T08:10:55.206+0000] {dag.py:3954} INFO - Setting next_dagrun for dataset_consumes_unknown_never_scheduled to None, run_after=None
[2024-06-18T08:10:55.208+0000] {logging_mixin.py:188} INFO - [2024-06-18T08:10:55.207+0000] {dag.py:3954} INFO - Setting next_dagrun for dataset_produces_1 to 2024-06-17 00:00:00+00:00, run_after=2024-06-18 00:00:00+00:00
[2024-06-18T08:10:55.209+0000] {logging_mixin.py:188} INFO - [2024-06-18T08:10:55.209+0000] {dag.py:3954} INFO - Setting next_dagrun for dataset_produces_2 to None, run_after=None
[2024-06-18T08:10:55.230+0000] {processor.py:183} INFO - Processing /home/airflow/.local/lib/python3.12/site-packages/airflow/example_dags/example_datasets.py took 0.083 seconds
[2024-06-18T08:11:25.698+0000] {processor.py:161} INFO - Started process (PID=115) to work on /home/airflow/.local/lib/python3.12/site-packages/airflow/example_dags/example_datasets.py
[2024-06-18T08:11:25.699+0000] {processor.py:830} INFO - Processing file /home/airflow/.local/lib/python3.12/site-packages/airflow/example_dags/example_datasets.py for tasks to queue
[2024-06-18T08:11:25.700+0000] {logging_mixin.py:188} INFO - [2024-06-18T08:11:25.700+0000] {dagbag.py:545} INFO - Filling up the DagBag from /home/airflow/.local/lib/python3.12/site-packages/airflow/example_dags/example_datasets.py
[2024-06-18T08:11:25.709+0000] {processor.py:840} INFO - DAG(s) 'dataset_consumes_1_and_2', 'conditional_dataset_and_time_based_timetable', 'dataset_consumes_unknown_never_scheduled', 'dataset_consumes_1', 'dataset_produces_1', 'consume_1_or_both_2_and_3_with_dataset_expressions', 'consume_1_and_2_with_dataset_expressions', 'dataset_produces_2', 'consume_1_or_2_with_dataset_expressions', 'dataset_consumes_1_never_scheduled' retrieved from /home/airflow/.local/lib/python3.12/site-packages/airflow/example_dags/example_datasets.py
[2024-06-18T08:11:25.841+0000] {logging_mixin.py:188} INFO - [2024-06-18T08:11:25.841+0000] {dag.py:3096} INFO - Sync 10 DAGs
[2024-06-18T08:11:25.856+0000] {logging_mixin.py:188} INFO - [2024-06-18T08:11:25.855+0000] {dag.py:3954} INFO - Setting next_dagrun for conditional_dataset_and_time_based_timetable to 2024-06-12 01:00:00+00:00, run_after=2024-06-12 01:00:00+00:00
[2024-06-18T08:11:25.858+0000] {logging_mixin.py:188} INFO - [2024-06-18T08:11:25.858+0000] {dag.py:3954} INFO - Setting next_dagrun for consume_1_and_2_with_dataset_expressions to None, run_after=None
[2024-06-18T08:11:25.859+0000] {logging_mixin.py:188} INFO - [2024-06-18T08:11:25.859+0000] {dag.py:3954} INFO - Setting next_dagrun for consume_1_or_2_with_dataset_expressions to None, run_after=None
[2024-06-18T08:11:25.860+0000] {logging_mixin.py:188} INFO - [2024-06-18T08:11:25.860+0000] {dag.py:3954} INFO - Setting next_dagrun for consume_1_or_both_2_and_3_with_dataset_expressions to None, run_after=None
[2024-06-18T08:11:25.861+0000] {logging_mixin.py:188} INFO - [2024-06-18T08:11:25.861+0000] {dag.py:3954} INFO - Setting next_dagrun for dataset_consumes_1 to None, run_after=None
[2024-06-18T08:11:25.862+0000] {logging_mixin.py:188} INFO - [2024-06-18T08:11:25.862+0000] {dag.py:3954} INFO - Setting next_dagrun for dataset_consumes_1_and_2 to None, run_after=None
[2024-06-18T08:11:25.863+0000] {logging_mixin.py:188} INFO - [2024-06-18T08:11:25.863+0000] {dag.py:3954} INFO - Setting next_dagrun for dataset_consumes_1_never_scheduled to None, run_after=None
[2024-06-18T08:11:25.864+0000] {logging_mixin.py:188} INFO - [2024-06-18T08:11:25.863+0000] {dag.py:3954} INFO - Setting next_dagrun for dataset_consumes_unknown_never_scheduled to None, run_after=None
[2024-06-18T08:11:25.865+0000] {logging_mixin.py:188} INFO - [2024-06-18T08:11:25.865+0000] {dag.py:3954} INFO - Setting next_dagrun for dataset_produces_1 to 2024-06-17 00:00:00+00:00, run_after=2024-06-18 00:00:00+00:00
[2024-06-18T08:11:25.866+0000] {logging_mixin.py:188} INFO - [2024-06-18T08:11:25.866+0000] {dag.py:3954} INFO - Setting next_dagrun for dataset_produces_2 to None, run_after=None
[2024-06-18T08:11:25.888+0000] {processor.py:183} INFO - Processing /home/airflow/.local/lib/python3.12/site-packages/airflow/example_dags/example_datasets.py took 0.194 seconds
[2024-06-18T08:11:56.624+0000] {processor.py:161} INFO - Started process (PID=172) to work on /home/airflow/.local/lib/python3.12/site-packages/airflow/example_dags/example_datasets.py
[2024-06-18T08:11:56.625+0000] {processor.py:830} INFO - Processing file /home/airflow/.local/lib/python3.12/site-packages/airflow/example_dags/example_datasets.py for tasks to queue
[2024-06-18T08:11:56.626+0000] {logging_mixin.py:188} INFO - [2024-06-18T08:11:56.626+0000] {dagbag.py:545} INFO - Filling up the DagBag from /home/airflow/.local/lib/python3.12/site-packages/airflow/example_dags/example_datasets.py
[2024-06-18T08:11:56.636+0000] {processor.py:840} INFO - DAG(s) 'dataset_produces_1', 'consume_1_and_2_with_dataset_expressions', 'dataset_consumes_1_never_scheduled', 'dataset_consumes_1', 'dataset_consumes_1_and_2', 'dataset_produces_2', 'consume_1_or_both_2_and_3_with_dataset_expressions', 'conditional_dataset_and_time_based_timetable', 'dataset_consumes_unknown_never_scheduled', 'consume_1_or_2_with_dataset_expressions' retrieved from /home/airflow/.local/lib/python3.12/site-packages/airflow/example_dags/example_datasets.py
[2024-06-18T08:11:56.671+0000] {logging_mixin.py:188} INFO - [2024-06-18T08:11:56.671+0000] {dag.py:3096} INFO - Sync 10 DAGs
[2024-06-18T08:11:56.689+0000] {logging_mixin.py:188} INFO - [2024-06-18T08:11:56.689+0000] {dag.py:3954} INFO - Setting next_dagrun for conditional_dataset_and_time_based_timetable to 2024-06-12 01:00:00+00:00, run_after=2024-06-12 01:00:00+00:00
[2024-06-18T08:11:56.692+0000] {logging_mixin.py:188} INFO - [2024-06-18T08:11:56.692+0000] {dag.py:3954} INFO - Setting next_dagrun for consume_1_and_2_with_dataset_expressions to None, run_after=None
[2024-06-18T08:11:56.693+0000] {logging_mixin.py:188} INFO - [2024-06-18T08:11:56.693+0000] {dag.py:3954} INFO - Setting next_dagrun for consume_1_or_2_with_dataset_expressions to None, run_after=None
[2024-06-18T08:11:56.694+0000] {logging_mixin.py:188} INFO - [2024-06-18T08:11:56.694+0000] {dag.py:3954} INFO - Setting next_dagrun for consume_1_or_both_2_and_3_with_dataset_expressions to None, run_after=None
[2024-06-18T08:11:56.695+0000] {logging_mixin.py:188} INFO - [2024-06-18T08:11:56.695+0000] {dag.py:3954} INFO - Setting next_dagrun for dataset_consumes_1 to None, run_after=None
[2024-06-18T08:11:56.696+0000] {logging_mixin.py:188} INFO - [2024-06-18T08:11:56.696+0000] {dag.py:3954} INFO - Setting next_dagrun for dataset_consumes_1_and_2 to None, run_after=None
[2024-06-18T08:11:56.697+0000] {logging_mixin.py:188} INFO - [2024-06-18T08:11:56.696+0000] {dag.py:3954} INFO - Setting next_dagrun for dataset_consumes_1_never_scheduled to None, run_after=None
[2024-06-18T08:11:56.697+0000] {logging_mixin.py:188} INFO - [2024-06-18T08:11:56.697+0000] {dag.py:3954} INFO - Setting next_dagrun for dataset_consumes_unknown_never_scheduled to None, run_after=None
[2024-06-18T08:11:56.699+0000] {logging_mixin.py:188} INFO - [2024-06-18T08:11:56.699+0000] {dag.py:3954} INFO - Setting next_dagrun for dataset_produces_1 to 2024-06-17 00:00:00+00:00, run_after=2024-06-18 00:00:00+00:00
[2024-06-18T08:11:56.700+0000] {logging_mixin.py:188} INFO - [2024-06-18T08:11:56.700+0000] {dag.py:3954} INFO - Setting next_dagrun for dataset_produces_2 to None, run_after=None
[2024-06-18T08:11:56.722+0000] {processor.py:183} INFO - Processing /home/airflow/.local/lib/python3.12/site-packages/airflow/example_dags/example_datasets.py took 0.102 seconds
[2024-06-18T08:12:26.847+0000] {processor.py:161} INFO - Started process (PID=230) to work on /home/airflow/.local/lib/python3.12/site-packages/airflow/example_dags/example_datasets.py
[2024-06-18T08:12:26.848+0000] {processor.py:830} INFO - Processing file /home/airflow/.local/lib/python3.12/site-packages/airflow/example_dags/example_datasets.py for tasks to queue
[2024-06-18T08:12:26.850+0000] {logging_mixin.py:188} INFO - [2024-06-18T08:12:26.849+0000] {dagbag.py:545} INFO - Filling up the DagBag from /home/airflow/.local/lib/python3.12/site-packages/airflow/example_dags/example_datasets.py
[2024-06-18T08:12:26.860+0000] {processor.py:840} INFO - DAG(s) 'consume_1_or_2_with_dataset_expressions', 'dataset_consumes_1_and_2', 'dataset_produces_1', 'dataset_consumes_1', 'dataset_consumes_unknown_never_scheduled', 'dataset_consumes_1_never_scheduled', 'consume_1_or_both_2_and_3_with_dataset_expressions', 'consume_1_and_2_with_dataset_expressions', 'conditional_dataset_and_time_based_timetable', 'dataset_produces_2' retrieved from /home/airflow/.local/lib/python3.12/site-packages/airflow/example_dags/example_datasets.py
[2024-06-18T08:12:26.891+0000] {logging_mixin.py:188} INFO - [2024-06-18T08:12:26.891+0000] {dag.py:3096} INFO - Sync 10 DAGs
[2024-06-18T08:12:26.910+0000] {logging_mixin.py:188} INFO - [2024-06-18T08:12:26.909+0000] {dag.py:3954} INFO - Setting next_dagrun for conditional_dataset_and_time_based_timetable to 2024-06-12 01:00:00+00:00, run_after=2024-06-12 01:00:00+00:00
[2024-06-18T08:12:26.913+0000] {logging_mixin.py:188} INFO - [2024-06-18T08:12:26.913+0000] {dag.py:3954} INFO - Setting next_dagrun for consume_1_and_2_with_dataset_expressions to None, run_after=None
[2024-06-18T08:12:26.914+0000] {logging_mixin.py:188} INFO - [2024-06-18T08:12:26.914+0000] {dag.py:3954} INFO - Setting next_dagrun for consume_1_or_2_with_dataset_expressions to None, run_after=None
[2024-06-18T08:12:26.915+0000] {logging_mixin.py:188} INFO - [2024-06-18T08:12:26.915+0000] {dag.py:3954} INFO - Setting next_dagrun for consume_1_or_both_2_and_3_with_dataset_expressions to None, run_after=None
[2024-06-18T08:12:26.916+0000] {logging_mixin.py:188} INFO - [2024-06-18T08:12:26.916+0000] {dag.py:3954} INFO - Setting next_dagrun for dataset_consumes_1 to None, run_after=None
[2024-06-18T08:12:26.917+0000] {logging_mixin.py:188} INFO - [2024-06-18T08:12:26.917+0000] {dag.py:3954} INFO - Setting next_dagrun for dataset_consumes_1_and_2 to None, run_after=None
[2024-06-18T08:12:26.918+0000] {logging_mixin.py:188} INFO - [2024-06-18T08:12:26.918+0000] {dag.py:3954} INFO - Setting next_dagrun for dataset_consumes_1_never_scheduled to None, run_after=None
[2024-06-18T08:12:26.919+0000] {logging_mixin.py:188} INFO - [2024-06-18T08:12:26.919+0000] {dag.py:3954} INFO - Setting next_dagrun for dataset_consumes_unknown_never_scheduled to None, run_after=None
[2024-06-18T08:12:26.920+0000] {logging_mixin.py:188} INFO - [2024-06-18T08:12:26.920+0000] {dag.py:3954} INFO - Setting next_dagrun for dataset_produces_1 to 2024-06-17 00:00:00+00:00, run_after=2024-06-18 00:00:00+00:00
[2024-06-18T08:12:26.921+0000] {logging_mixin.py:188} INFO - [2024-06-18T08:12:26.921+0000] {dag.py:3954} INFO - Setting next_dagrun for dataset_produces_2 to None, run_after=None
[2024-06-18T08:12:26.944+0000] {processor.py:183} INFO - Processing /home/airflow/.local/lib/python3.12/site-packages/airflow/example_dags/example_datasets.py took 0.101 seconds
[2024-06-18T08:12:57.307+0000] {processor.py:161} INFO - Started process (PID=287) to work on /home/airflow/.local/lib/python3.12/site-packages/airflow/example_dags/example_datasets.py
[2024-06-18T08:12:57.307+0000] {processor.py:830} INFO - Processing file /home/airflow/.local/lib/python3.12/site-packages/airflow/example_dags/example_datasets.py for tasks to queue
[2024-06-18T08:12:57.309+0000] {logging_mixin.py:188} INFO - [2024-06-18T08:12:57.309+0000] {dagbag.py:545} INFO - Filling up the DagBag from /home/airflow/.local/lib/python3.12/site-packages/airflow/example_dags/example_datasets.py
[2024-06-18T08:12:57.319+0000] {processor.py:840} INFO - DAG(s) 'consume_1_and_2_with_dataset_expressions', 'consume_1_or_both_2_and_3_with_dataset_expressions', 'dataset_consumes_unknown_never_scheduled', 'consume_1_or_2_with_dataset_expressions', 'conditional_dataset_and_time_based_timetable', 'dataset_consumes_1_never_scheduled', 'dataset_produces_1', 'dataset_produces_2', 'dataset_consumes_1_and_2', 'dataset_consumes_1' retrieved from /home/airflow/.local/lib/python3.12/site-packages/airflow/example_dags/example_datasets.py
[2024-06-18T08:12:57.354+0000] {logging_mixin.py:188} INFO - [2024-06-18T08:12:57.353+0000] {dag.py:3096} INFO - Sync 10 DAGs
[2024-06-18T08:12:57.371+0000] {logging_mixin.py:188} INFO - [2024-06-18T08:12:57.370+0000] {dag.py:3954} INFO - Setting next_dagrun for conditional_dataset_and_time_based_timetable to 2024-06-12 01:00:00+00:00, run_after=2024-06-12 01:00:00+00:00
[2024-06-18T08:12:57.374+0000] {logging_mixin.py:188} INFO - [2024-06-18T08:12:57.374+0000] {dag.py:3954} INFO - Setting next_dagrun for consume_1_and_2_with_dataset_expressions to None, run_after=None
[2024-06-18T08:12:57.376+0000] {logging_mixin.py:188} INFO - [2024-06-18T08:12:57.375+0000] {dag.py:3954} INFO - Setting next_dagrun for consume_1_or_2_with_dataset_expressions to None, run_after=None
[2024-06-18T08:12:57.377+0000] {logging_mixin.py:188} INFO - [2024-06-18T08:12:57.377+0000] {dag.py:3954} INFO - Setting next_dagrun for consume_1_or_both_2_and_3_with_dataset_expressions to None, run_after=None
[2024-06-18T08:12:57.378+0000] {logging_mixin.py:188} INFO - [2024-06-18T08:12:57.378+0000] {dag.py:3954} INFO - Setting next_dagrun for dataset_consumes_1 to None, run_after=None
[2024-06-18T08:12:57.379+0000] {logging_mixin.py:188} INFO - [2024-06-18T08:12:57.379+0000] {dag.py:3954} INFO - Setting next_dagrun for dataset_consumes_1_and_2 to None, run_after=None
[2024-06-18T08:12:57.380+0000] {logging_mixin.py:188} INFO - [2024-06-18T08:12:57.380+0000] {dag.py:3954} INFO - Setting next_dagrun for dataset_consumes_1_never_scheduled to None, run_after=None
[2024-06-18T08:12:57.381+0000] {logging_mixin.py:188} INFO - [2024-06-18T08:12:57.381+0000] {dag.py:3954} INFO - Setting next_dagrun for dataset_consumes_unknown_never_scheduled to None, run_after=None
[2024-06-18T08:12:57.382+0000] {logging_mixin.py:188} INFO - [2024-06-18T08:12:57.382+0000] {dag.py:3954} INFO - Setting next_dagrun for dataset_produces_1 to 2024-06-17 00:00:00+00:00, run_after=2024-06-18 00:00:00+00:00
[2024-06-18T08:12:57.383+0000] {logging_mixin.py:188} INFO - [2024-06-18T08:12:57.383+0000] {dag.py:3954} INFO - Setting next_dagrun for dataset_produces_2 to None, run_after=None
[2024-06-18T08:12:57.406+0000] {processor.py:183} INFO - Processing /home/airflow/.local/lib/python3.12/site-packages/airflow/example_dags/example_datasets.py took 0.103 seconds
[2024-06-18T08:13:27.890+0000] {processor.py:161} INFO - Started process (PID=345) to work on /home/airflow/.local/lib/python3.12/site-packages/airflow/example_dags/example_datasets.py
[2024-06-18T08:13:27.891+0000] {processor.py:830} INFO - Processing file /home/airflow/.local/lib/python3.12/site-packages/airflow/example_dags/example_datasets.py for tasks to queue
[2024-06-18T08:13:27.892+0000] {logging_mixin.py:188} INFO - [2024-06-18T08:13:27.892+0000] {dagbag.py:545} INFO - Filling up the DagBag from /home/airflow/.local/lib/python3.12/site-packages/airflow/example_dags/example_datasets.py
[2024-06-18T08:13:27.902+0000] {processor.py:840} INFO - DAG(s) 'dataset_consumes_1', 'conditional_dataset_and_time_based_timetable', 'dataset_produces_2', 'consume_1_or_2_with_dataset_expressions', 'consume_1_or_both_2_and_3_with_dataset_expressions', 'dataset_consumes_1_and_2', 'dataset_consumes_1_never_scheduled', 'dataset_consumes_unknown_never_scheduled', 'dataset_produces_1', 'consume_1_and_2_with_dataset_expressions' retrieved from /home/airflow/.local/lib/python3.12/site-packages/airflow/example_dags/example_datasets.py
[2024-06-18T08:13:27.936+0000] {logging_mixin.py:188} INFO - [2024-06-18T08:13:27.936+0000] {dag.py:3096} INFO - Sync 10 DAGs
[2024-06-18T08:13:27.953+0000] {logging_mixin.py:188} INFO - [2024-06-18T08:13:27.953+0000] {dag.py:3954} INFO - Setting next_dagrun for conditional_dataset_and_time_based_timetable to 2024-06-12 01:00:00+00:00, run_after=2024-06-12 01:00:00+00:00
[2024-06-18T08:13:27.956+0000] {logging_mixin.py:188} INFO - [2024-06-18T08:13:27.956+0000] {dag.py:3954} INFO - Setting next_dagrun for consume_1_and_2_with_dataset_expressions to None, run_after=None
[2024-06-18T08:13:27.957+0000] {logging_mixin.py:188} INFO - [2024-06-18T08:13:27.957+0000] {dag.py:3954} INFO - Setting next_dagrun for consume_1_or_2_with_dataset_expressions to None, run_after=None
[2024-06-18T08:13:27.958+0000] {logging_mixin.py:188} INFO - [2024-06-18T08:13:27.958+0000] {dag.py:3954} INFO - Setting next_dagrun for consume_1_or_both_2_and_3_with_dataset_expressions to None, run_after=None
[2024-06-18T08:13:27.960+0000] {logging_mixin.py:188} INFO - [2024-06-18T08:13:27.959+0000] {dag.py:3954} INFO - Setting next_dagrun for dataset_consumes_1 to None, run_after=None
[2024-06-18T08:13:27.961+0000] {logging_mixin.py:188} INFO - [2024-06-18T08:13:27.960+0000] {dag.py:3954} INFO - Setting next_dagrun for dataset_consumes_1_and_2 to None, run_after=None
[2024-06-18T08:13:27.961+0000] {logging_mixin.py:188} INFO - [2024-06-18T08:13:27.961+0000] {dag.py:3954} INFO - Setting next_dagrun for dataset_consumes_1_never_scheduled to None, run_after=None
[2024-06-18T08:13:27.962+0000] {logging_mixin.py:188} INFO - [2024-06-18T08:13:27.962+0000] {dag.py:3954} INFO - Setting next_dagrun for dataset_consumes_unknown_never_scheduled to None, run_after=None
[2024-06-18T08:13:27.964+0000] {logging_mixin.py:188} INFO - [2024-06-18T08:13:27.964+0000] {dag.py:3954} INFO - Setting next_dagrun for dataset_produces_1 to 2024-06-17 00:00:00+00:00, run_after=2024-06-18 00:00:00+00:00
[2024-06-18T08:13:27.965+0000] {logging_mixin.py:188} INFO - [2024-06-18T08:13:27.965+0000] {dag.py:3954} INFO - Setting next_dagrun for dataset_produces_2 to None, run_after=None
[2024-06-18T08:13:27.988+0000] {processor.py:183} INFO - Processing /home/airflow/.local/lib/python3.12/site-packages/airflow/example_dags/example_datasets.py took 0.102 seconds
[2024-06-18T08:13:58.550+0000] {processor.py:161} INFO - Started process (PID=403) to work on /home/airflow/.local/lib/python3.12/site-packages/airflow/example_dags/example_datasets.py
[2024-06-18T08:13:58.551+0000] {processor.py:830} INFO - Processing file /home/airflow/.local/lib/python3.12/site-packages/airflow/example_dags/example_datasets.py for tasks to queue
[2024-06-18T08:13:58.553+0000] {logging_mixin.py:188} INFO - [2024-06-18T08:13:58.552+0000] {dagbag.py:545} INFO - Filling up the DagBag from /home/airflow/.local/lib/python3.12/site-packages/airflow/example_dags/example_datasets.py
[2024-06-18T08:13:58.563+0000] {processor.py:840} INFO - DAG(s) 'dataset_consumes_1_and_2', 'consume_1_or_both_2_and_3_with_dataset_expressions', 'dataset_produces_1', 'dataset_consumes_unknown_never_scheduled', 'consume_1_and_2_with_dataset_expressions', 'dataset_consumes_1', 'consume_1_or_2_with_dataset_expressions', 'dataset_consumes_1_never_scheduled', 'conditional_dataset_and_time_based_timetable', 'dataset_produces_2' retrieved from /home/airflow/.local/lib/python3.12/site-packages/airflow/example_dags/example_datasets.py
[2024-06-18T08:13:58.595+0000] {logging_mixin.py:188} INFO - [2024-06-18T08:13:58.595+0000] {dag.py:3096} INFO - Sync 10 DAGs
[2024-06-18T08:13:58.614+0000] {logging_mixin.py:188} INFO - [2024-06-18T08:13:58.614+0000] {dag.py:3954} INFO - Setting next_dagrun for conditional_dataset_and_time_based_timetable to 2024-06-12 01:00:00+00:00, run_after=2024-06-12 01:00:00+00:00
[2024-06-18T08:13:58.617+0000] {logging_mixin.py:188} INFO - [2024-06-18T08:13:58.617+0000] {dag.py:3954} INFO - Setting next_dagrun for consume_1_and_2_with_dataset_expressions to None, run_after=None
[2024-06-18T08:13:58.619+0000] {logging_mixin.py:188} INFO - [2024-06-18T08:13:58.618+0000] {dag.py:3954} INFO - Setting next_dagrun for consume_1_or_2_with_dataset_expressions to None, run_after=None
[2024-06-18T08:13:58.620+0000] {logging_mixin.py:188} INFO - [2024-06-18T08:13:58.619+0000] {dag.py:3954} INFO - Setting next_dagrun for consume_1_or_both_2_and_3_with_dataset_expressions to None, run_after=None
[2024-06-18T08:13:58.620+0000] {logging_mixin.py:188} INFO - [2024-06-18T08:13:58.620+0000] {dag.py:3954} INFO - Setting next_dagrun for dataset_consumes_1 to None, run_after=None
[2024-06-18T08:13:58.621+0000] {logging_mixin.py:188} INFO - [2024-06-18T08:13:58.621+0000] {dag.py:3954} INFO - Setting next_dagrun for dataset_consumes_1_and_2 to None, run_after=None
[2024-06-18T08:13:58.622+0000] {logging_mixin.py:188} INFO - [2024-06-18T08:13:58.622+0000] {dag.py:3954} INFO - Setting next_dagrun for dataset_consumes_1_never_scheduled to None, run_after=None
[2024-06-18T08:13:58.623+0000] {logging_mixin.py:188} INFO - [2024-06-18T08:13:58.623+0000] {dag.py:3954} INFO - Setting next_dagrun for dataset_consumes_unknown_never_scheduled to None, run_after=None
[2024-06-18T08:13:58.625+0000] {logging_mixin.py:188} INFO - [2024-06-18T08:13:58.624+0000] {dag.py:3954} INFO - Setting next_dagrun for dataset_produces_1 to 2024-06-17 00:00:00+00:00, run_after=2024-06-18 00:00:00+00:00
[2024-06-18T08:13:58.626+0000] {logging_mixin.py:188} INFO - [2024-06-18T08:13:58.626+0000] {dag.py:3954} INFO - Setting next_dagrun for dataset_produces_2 to None, run_after=None
[2024-06-18T08:13:58.649+0000] {processor.py:183} INFO - Processing /home/airflow/.local/lib/python3.12/site-packages/airflow/example_dags/example_datasets.py took 0.103 seconds
