[2024-06-18T08:10:54.545+0000] {processor.py:161} INFO - Started process (PID=46) to work on /home/airflow/.local/lib/python3.12/site-packages/airflow/example_dags/example_xcom.py
[2024-06-18T08:10:54.546+0000] {processor.py:830} INFO - Processing file /home/airflow/.local/lib/python3.12/site-packages/airflow/example_dags/example_xcom.py for tasks to queue
[2024-06-18T08:10:54.547+0000] {logging_mixin.py:188} INFO - [2024-06-18T08:10:54.547+0000] {dagbag.py:545} INFO - Filling up the DagBag from /home/airflow/.local/lib/python3.12/site-packages/airflow/example_dags/example_xcom.py
[2024-06-18T08:10:54.554+0000] {processor.py:840} INFO - DAG(s) 'example_xcom' retrieved from /home/airflow/.local/lib/python3.12/site-packages/airflow/example_dags/example_xcom.py
[2024-06-18T08:10:54.563+0000] {logging_mixin.py:188} INFO - [2024-06-18T08:10:54.562+0000] {dag.py:3096} INFO - Sync 1 DAGs
[2024-06-18T08:10:54.578+0000] {logging_mixin.py:188} INFO - [2024-06-18T08:10:54.578+0000] {dag.py:3954} INFO - Setting next_dagrun for example_xcom to 2021-01-01 00:00:00+00:00, run_after=2021-01-01 00:00:00+00:00
[2024-06-18T08:10:54.590+0000] {processor.py:183} INFO - Processing /home/airflow/.local/lib/python3.12/site-packages/airflow/example_dags/example_xcom.py took 0.049 seconds
[2024-06-18T08:11:24.816+0000] {processor.py:161} INFO - Started process (PID=104) to work on /home/airflow/.local/lib/python3.12/site-packages/airflow/example_dags/example_xcom.py
[2024-06-18T08:11:24.817+0000] {processor.py:830} INFO - Processing file /home/airflow/.local/lib/python3.12/site-packages/airflow/example_dags/example_xcom.py for tasks to queue
[2024-06-18T08:11:24.818+0000] {logging_mixin.py:188} INFO - [2024-06-18T08:11:24.818+0000] {dagbag.py:545} INFO - Filling up the DagBag from /home/airflow/.local/lib/python3.12/site-packages/airflow/example_dags/example_xcom.py
[2024-06-18T08:11:24.823+0000] {processor.py:840} INFO - DAG(s) 'example_xcom' retrieved from /home/airflow/.local/lib/python3.12/site-packages/airflow/example_dags/example_xcom.py
[2024-06-18T08:11:24.887+0000] {logging_mixin.py:188} INFO - [2024-06-18T08:11:24.887+0000] {dag.py:3096} INFO - Sync 1 DAGs
[2024-06-18T08:11:24.899+0000] {logging_mixin.py:188} INFO - [2024-06-18T08:11:24.899+0000] {dag.py:3954} INFO - Setting next_dagrun for example_xcom to 2021-01-01 00:00:00+00:00, run_after=2021-01-01 00:00:00+00:00
[2024-06-18T08:11:24.912+0000] {processor.py:183} INFO - Processing /home/airflow/.local/lib/python3.12/site-packages/airflow/example_dags/example_xcom.py took 0.100 seconds
[2024-06-18T08:11:55.060+0000] {processor.py:161} INFO - Started process (PID=161) to work on /home/airflow/.local/lib/python3.12/site-packages/airflow/example_dags/example_xcom.py
[2024-06-18T08:11:55.060+0000] {processor.py:830} INFO - Processing file /home/airflow/.local/lib/python3.12/site-packages/airflow/example_dags/example_xcom.py for tasks to queue
[2024-06-18T08:11:55.062+0000] {logging_mixin.py:188} INFO - [2024-06-18T08:11:55.062+0000] {dagbag.py:545} INFO - Filling up the DagBag from /home/airflow/.local/lib/python3.12/site-packages/airflow/example_dags/example_xcom.py
[2024-06-18T08:11:55.067+0000] {processor.py:840} INFO - DAG(s) 'example_xcom' retrieved from /home/airflow/.local/lib/python3.12/site-packages/airflow/example_dags/example_xcom.py
[2024-06-18T08:11:55.080+0000] {logging_mixin.py:188} INFO - [2024-06-18T08:11:55.080+0000] {dag.py:3096} INFO - Sync 1 DAGs
[2024-06-18T08:11:55.093+0000] {logging_mixin.py:188} INFO - [2024-06-18T08:11:55.093+0000] {dag.py:3954} INFO - Setting next_dagrun for example_xcom to 2021-01-01 00:00:00+00:00, run_after=2021-01-01 00:00:00+00:00
[2024-06-18T08:11:55.106+0000] {processor.py:183} INFO - Processing /home/airflow/.local/lib/python3.12/site-packages/airflow/example_dags/example_xcom.py took 0.050 seconds
[2024-06-18T08:12:25.319+0000] {processor.py:161} INFO - Started process (PID=219) to work on /home/airflow/.local/lib/python3.12/site-packages/airflow/example_dags/example_xcom.py
[2024-06-18T08:12:25.320+0000] {processor.py:830} INFO - Processing file /home/airflow/.local/lib/python3.12/site-packages/airflow/example_dags/example_xcom.py for tasks to queue
[2024-06-18T08:12:25.321+0000] {logging_mixin.py:188} INFO - [2024-06-18T08:12:25.321+0000] {dagbag.py:545} INFO - Filling up the DagBag from /home/airflow/.local/lib/python3.12/site-packages/airflow/example_dags/example_xcom.py
[2024-06-18T08:12:25.327+0000] {processor.py:840} INFO - DAG(s) 'example_xcom' retrieved from /home/airflow/.local/lib/python3.12/site-packages/airflow/example_dags/example_xcom.py
[2024-06-18T08:12:25.342+0000] {logging_mixin.py:188} INFO - [2024-06-18T08:12:25.341+0000] {dag.py:3096} INFO - Sync 1 DAGs
[2024-06-18T08:12:25.357+0000] {logging_mixin.py:188} INFO - [2024-06-18T08:12:25.356+0000] {dag.py:3954} INFO - Setting next_dagrun for example_xcom to 2021-01-01 00:00:00+00:00, run_after=2021-01-01 00:00:00+00:00
[2024-06-18T08:12:25.371+0000] {processor.py:183} INFO - Processing /home/airflow/.local/lib/python3.12/site-packages/airflow/example_dags/example_xcom.py took 0.056 seconds
[2024-06-18T08:12:55.818+0000] {processor.py:161} INFO - Started process (PID=276) to work on /home/airflow/.local/lib/python3.12/site-packages/airflow/example_dags/example_xcom.py
[2024-06-18T08:12:55.819+0000] {processor.py:830} INFO - Processing file /home/airflow/.local/lib/python3.12/site-packages/airflow/example_dags/example_xcom.py for tasks to queue
[2024-06-18T08:12:55.820+0000] {logging_mixin.py:188} INFO - [2024-06-18T08:12:55.820+0000] {dagbag.py:545} INFO - Filling up the DagBag from /home/airflow/.local/lib/python3.12/site-packages/airflow/example_dags/example_xcom.py
[2024-06-18T08:12:55.826+0000] {processor.py:840} INFO - DAG(s) 'example_xcom' retrieved from /home/airflow/.local/lib/python3.12/site-packages/airflow/example_dags/example_xcom.py
[2024-06-18T08:12:55.840+0000] {logging_mixin.py:188} INFO - [2024-06-18T08:12:55.840+0000] {dag.py:3096} INFO - Sync 1 DAGs
[2024-06-18T08:12:55.855+0000] {logging_mixin.py:188} INFO - [2024-06-18T08:12:55.855+0000] {dag.py:3954} INFO - Setting next_dagrun for example_xcom to 2021-01-01 00:00:00+00:00, run_after=2021-01-01 00:00:00+00:00
[2024-06-18T08:12:55.870+0000] {processor.py:183} INFO - Processing /home/airflow/.local/lib/python3.12/site-packages/airflow/example_dags/example_xcom.py took 0.057 seconds
[2024-06-18T08:13:26.390+0000] {processor.py:161} INFO - Started process (PID=334) to work on /home/airflow/.local/lib/python3.12/site-packages/airflow/example_dags/example_xcom.py
[2024-06-18T08:13:26.391+0000] {processor.py:830} INFO - Processing file /home/airflow/.local/lib/python3.12/site-packages/airflow/example_dags/example_xcom.py for tasks to queue
[2024-06-18T08:13:26.392+0000] {logging_mixin.py:188} INFO - [2024-06-18T08:13:26.392+0000] {dagbag.py:545} INFO - Filling up the DagBag from /home/airflow/.local/lib/python3.12/site-packages/airflow/example_dags/example_xcom.py
[2024-06-18T08:13:26.398+0000] {processor.py:840} INFO - DAG(s) 'example_xcom' retrieved from /home/airflow/.local/lib/python3.12/site-packages/airflow/example_dags/example_xcom.py
[2024-06-18T08:13:26.413+0000] {logging_mixin.py:188} INFO - [2024-06-18T08:13:26.413+0000] {dag.py:3096} INFO - Sync 1 DAGs
[2024-06-18T08:13:26.428+0000] {logging_mixin.py:188} INFO - [2024-06-18T08:13:26.428+0000] {dag.py:3954} INFO - Setting next_dagrun for example_xcom to 2021-01-01 00:00:00+00:00, run_after=2021-01-01 00:00:00+00:00
[2024-06-18T08:13:26.441+0000] {processor.py:183} INFO - Processing /home/airflow/.local/lib/python3.12/site-packages/airflow/example_dags/example_xcom.py took 0.056 seconds
[2024-06-18T08:13:57.045+0000] {processor.py:161} INFO - Started process (PID=392) to work on /home/airflow/.local/lib/python3.12/site-packages/airflow/example_dags/example_xcom.py
[2024-06-18T08:13:57.046+0000] {processor.py:830} INFO - Processing file /home/airflow/.local/lib/python3.12/site-packages/airflow/example_dags/example_xcom.py for tasks to queue
[2024-06-18T08:13:57.048+0000] {logging_mixin.py:188} INFO - [2024-06-18T08:13:57.048+0000] {dagbag.py:545} INFO - Filling up the DagBag from /home/airflow/.local/lib/python3.12/site-packages/airflow/example_dags/example_xcom.py
[2024-06-18T08:13:57.053+0000] {processor.py:840} INFO - DAG(s) 'example_xcom' retrieved from /home/airflow/.local/lib/python3.12/site-packages/airflow/example_dags/example_xcom.py
[2024-06-18T08:13:57.069+0000] {logging_mixin.py:188} INFO - [2024-06-18T08:13:57.069+0000] {dag.py:3096} INFO - Sync 1 DAGs
[2024-06-18T08:13:57.084+0000] {logging_mixin.py:188} INFO - [2024-06-18T08:13:57.084+0000] {dag.py:3954} INFO - Setting next_dagrun for example_xcom to 2021-01-01 00:00:00+00:00, run_after=2021-01-01 00:00:00+00:00
[2024-06-18T08:13:57.098+0000] {processor.py:183} INFO - Processing /home/airflow/.local/lib/python3.12/site-packages/airflow/example_dags/example_xcom.py took 0.057 seconds
