[2024-06-18T08:10:55.649+0000] {processor.py:161} INFO - Started process (PID=70) to work on /home/airflow/.local/lib/python3.12/site-packages/airflow/example_dags/example_latest_only.py
[2024-06-18T08:10:55.650+0000] {processor.py:830} INFO - Processing file /home/airflow/.local/lib/python3.12/site-packages/airflow/example_dags/example_latest_only.py for tasks to queue
[2024-06-18T08:10:55.652+0000] {logging_mixin.py:188} INFO - [2024-06-18T08:10:55.651+0000] {dagbag.py:545} INFO - Filling up the DagBag from /home/airflow/.local/lib/python3.12/site-packages/airflow/example_dags/example_latest_only.py
[2024-06-18T08:10:55.658+0000] {processor.py:840} INFO - DAG(s) 'latest_only' retrieved from /home/airflow/.local/lib/python3.12/site-packages/airflow/example_dags/example_latest_only.py
[2024-06-18T08:10:55.666+0000] {logging_mixin.py:188} INFO - [2024-06-18T08:10:55.666+0000] {dag.py:3096} INFO - Sync 1 DAGs
[2024-06-18T08:10:55.685+0000] {logging_mixin.py:188} INFO - [2024-06-18T08:10:55.685+0000] {dag.py:3954} INFO - Setting next_dagrun for latest_only to 2024-06-18 04:00:00+00:00, run_after=2024-06-18 08:00:00+00:00
[2024-06-18T08:10:55.698+0000] {processor.py:183} INFO - Processing /home/airflow/.local/lib/python3.12/site-packages/airflow/example_dags/example_latest_only.py took 0.053 seconds
[2024-06-18T08:11:26.513+0000] {processor.py:161} INFO - Started process (PID=128) to work on /home/airflow/.local/lib/python3.12/site-packages/airflow/example_dags/example_latest_only.py
[2024-06-18T08:11:26.513+0000] {processor.py:830} INFO - Processing file /home/airflow/.local/lib/python3.12/site-packages/airflow/example_dags/example_latest_only.py for tasks to queue
[2024-06-18T08:11:26.515+0000] {logging_mixin.py:188} INFO - [2024-06-18T08:11:26.514+0000] {dagbag.py:545} INFO - Filling up the DagBag from /home/airflow/.local/lib/python3.12/site-packages/airflow/example_dags/example_latest_only.py
[2024-06-18T08:11:26.518+0000] {processor.py:840} INFO - DAG(s) 'latest_only' retrieved from /home/airflow/.local/lib/python3.12/site-packages/airflow/example_dags/example_latest_only.py
[2024-06-18T08:11:26.580+0000] {logging_mixin.py:188} INFO - [2024-06-18T08:11:26.580+0000] {dag.py:3096} INFO - Sync 1 DAGs
[2024-06-18T08:11:26.593+0000] {logging_mixin.py:188} INFO - [2024-06-18T08:11:26.593+0000] {dag.py:3954} INFO - Setting next_dagrun for latest_only to 2024-06-18 04:00:00+00:00, run_after=2024-06-18 08:00:00+00:00
[2024-06-18T08:11:26.606+0000] {processor.py:183} INFO - Processing /home/airflow/.local/lib/python3.12/site-packages/airflow/example_dags/example_latest_only.py took 0.097 seconds
[2024-06-18T08:11:57.098+0000] {processor.py:161} INFO - Started process (PID=185) to work on /home/airflow/.local/lib/python3.12/site-packages/airflow/example_dags/example_latest_only.py
[2024-06-18T08:11:57.099+0000] {processor.py:830} INFO - Processing file /home/airflow/.local/lib/python3.12/site-packages/airflow/example_dags/example_latest_only.py for tasks to queue
[2024-06-18T08:11:57.100+0000] {logging_mixin.py:188} INFO - [2024-06-18T08:11:57.100+0000] {dagbag.py:545} INFO - Filling up the DagBag from /home/airflow/.local/lib/python3.12/site-packages/airflow/example_dags/example_latest_only.py
[2024-06-18T08:11:57.103+0000] {processor.py:840} INFO - DAG(s) 'latest_only' retrieved from /home/airflow/.local/lib/python3.12/site-packages/airflow/example_dags/example_latest_only.py
[2024-06-18T08:11:57.117+0000] {logging_mixin.py:188} INFO - [2024-06-18T08:11:57.116+0000] {dag.py:3096} INFO - Sync 1 DAGs
[2024-06-18T08:11:57.131+0000] {logging_mixin.py:188} INFO - [2024-06-18T08:11:57.131+0000] {dag.py:3954} INFO - Setting next_dagrun for latest_only to 2024-06-18 04:00:00+00:00, run_after=2024-06-18 08:00:00+00:00
[2024-06-18T08:11:57.143+0000] {processor.py:183} INFO - Processing /home/airflow/.local/lib/python3.12/site-packages/airflow/example_dags/example_latest_only.py took 0.049 seconds
[2024-06-18T08:12:27.511+0000] {processor.py:161} INFO - Started process (PID=243) to work on /home/airflow/.local/lib/python3.12/site-packages/airflow/example_dags/example_latest_only.py
[2024-06-18T08:12:27.512+0000] {processor.py:830} INFO - Processing file /home/airflow/.local/lib/python3.12/site-packages/airflow/example_dags/example_latest_only.py for tasks to queue
[2024-06-18T08:12:27.513+0000] {logging_mixin.py:188} INFO - [2024-06-18T08:12:27.513+0000] {dagbag.py:545} INFO - Filling up the DagBag from /home/airflow/.local/lib/python3.12/site-packages/airflow/example_dags/example_latest_only.py
[2024-06-18T08:12:27.517+0000] {processor.py:840} INFO - DAG(s) 'latest_only' retrieved from /home/airflow/.local/lib/python3.12/site-packages/airflow/example_dags/example_latest_only.py
[2024-06-18T08:12:27.532+0000] {logging_mixin.py:188} INFO - [2024-06-18T08:12:27.532+0000] {dag.py:3096} INFO - Sync 1 DAGs
[2024-06-18T08:12:27.548+0000] {logging_mixin.py:188} INFO - [2024-06-18T08:12:27.548+0000] {dag.py:3954} INFO - Setting next_dagrun for latest_only to 2024-06-18 04:00:00+00:00, run_after=2024-06-18 08:00:00+00:00
[2024-06-18T08:12:27.564+0000] {processor.py:183} INFO - Processing /home/airflow/.local/lib/python3.12/site-packages/airflow/example_dags/example_latest_only.py took 0.057 seconds
[2024-06-18T08:12:57.991+0000] {processor.py:161} INFO - Started process (PID=300) to work on /home/airflow/.local/lib/python3.12/site-packages/airflow/example_dags/example_latest_only.py
[2024-06-18T08:12:57.992+0000] {processor.py:830} INFO - Processing file /home/airflow/.local/lib/python3.12/site-packages/airflow/example_dags/example_latest_only.py for tasks to queue
[2024-06-18T08:12:57.993+0000] {logging_mixin.py:188} INFO - [2024-06-18T08:12:57.993+0000] {dagbag.py:545} INFO - Filling up the DagBag from /home/airflow/.local/lib/python3.12/site-packages/airflow/example_dags/example_latest_only.py
[2024-06-18T08:12:57.997+0000] {processor.py:840} INFO - DAG(s) 'latest_only' retrieved from /home/airflow/.local/lib/python3.12/site-packages/airflow/example_dags/example_latest_only.py
[2024-06-18T08:12:58.012+0000] {logging_mixin.py:188} INFO - [2024-06-18T08:12:58.012+0000] {dag.py:3096} INFO - Sync 1 DAGs
[2024-06-18T08:12:58.028+0000] {logging_mixin.py:188} INFO - [2024-06-18T08:12:58.028+0000] {dag.py:3954} INFO - Setting next_dagrun for latest_only to 2024-06-18 04:00:00+00:00, run_after=2024-06-18 08:00:00+00:00
[2024-06-18T08:12:58.044+0000] {processor.py:183} INFO - Processing /home/airflow/.local/lib/python3.12/site-packages/airflow/example_dags/example_latest_only.py took 0.058 seconds
[2024-06-18T08:13:28.699+0000] {processor.py:161} INFO - Started process (PID=358) to work on /home/airflow/.local/lib/python3.12/site-packages/airflow/example_dags/example_latest_only.py
[2024-06-18T08:13:28.700+0000] {processor.py:830} INFO - Processing file /home/airflow/.local/lib/python3.12/site-packages/airflow/example_dags/example_latest_only.py for tasks to queue
[2024-06-18T08:13:28.703+0000] {logging_mixin.py:188} INFO - [2024-06-18T08:13:28.702+0000] {dagbag.py:545} INFO - Filling up the DagBag from /home/airflow/.local/lib/python3.12/site-packages/airflow/example_dags/example_latest_only.py
[2024-06-18T08:13:28.710+0000] {processor.py:840} INFO - DAG(s) 'latest_only' retrieved from /home/airflow/.local/lib/python3.12/site-packages/airflow/example_dags/example_latest_only.py
[2024-06-18T08:13:28.730+0000] {logging_mixin.py:188} INFO - [2024-06-18T08:13:28.730+0000] {dag.py:3096} INFO - Sync 1 DAGs
[2024-06-18T08:13:28.748+0000] {logging_mixin.py:188} INFO - [2024-06-18T08:13:28.747+0000] {dag.py:3954} INFO - Setting next_dagrun for latest_only to 2024-06-18 04:00:00+00:00, run_after=2024-06-18 08:00:00+00:00
[2024-06-18T08:13:28.763+0000] {processor.py:183} INFO - Processing /home/airflow/.local/lib/python3.12/site-packages/airflow/example_dags/example_latest_only.py took 0.072 seconds
[2024-06-18T08:13:59.142+0000] {processor.py:161} INFO - Started process (PID=416) to work on /home/airflow/.local/lib/python3.12/site-packages/airflow/example_dags/example_latest_only.py
[2024-06-18T08:13:59.143+0000] {processor.py:830} INFO - Processing file /home/airflow/.local/lib/python3.12/site-packages/airflow/example_dags/example_latest_only.py for tasks to queue
[2024-06-18T08:13:59.145+0000] {logging_mixin.py:188} INFO - [2024-06-18T08:13:59.145+0000] {dagbag.py:545} INFO - Filling up the DagBag from /home/airflow/.local/lib/python3.12/site-packages/airflow/example_dags/example_latest_only.py
[2024-06-18T08:13:59.149+0000] {processor.py:840} INFO - DAG(s) 'latest_only' retrieved from /home/airflow/.local/lib/python3.12/site-packages/airflow/example_dags/example_latest_only.py
[2024-06-18T08:13:59.163+0000] {logging_mixin.py:188} INFO - [2024-06-18T08:13:59.163+0000] {dag.py:3096} INFO - Sync 1 DAGs
[2024-06-18T08:13:59.178+0000] {logging_mixin.py:188} INFO - [2024-06-18T08:13:59.178+0000] {dag.py:3954} INFO - Setting next_dagrun for latest_only to 2024-06-18 04:00:00+00:00, run_after=2024-06-18 08:00:00+00:00
[2024-06-18T08:13:59.192+0000] {processor.py:183} INFO - Processing /home/airflow/.local/lib/python3.12/site-packages/airflow/example_dags/example_latest_only.py took 0.055 seconds
