[2024-06-18T08:10:55.669+0000] {processor.py:161} INFO - Started process (PID=71) to work on /home/airflow/.local/lib/python3.12/site-packages/airflow/example_dags/example_python_operator.py
[2024-06-18T08:10:55.671+0000] {processor.py:830} INFO - Processing file /home/airflow/.local/lib/python3.12/site-packages/airflow/example_dags/example_python_operator.py for tasks to queue
[2024-06-18T08:10:55.673+0000] {logging_mixin.py:188} INFO - [2024-06-18T08:10:55.672+0000] {dagbag.py:545} INFO - Filling up the DagBag from /home/airflow/.local/lib/python3.12/site-packages/airflow/example_dags/example_python_operator.py
[2024-06-18T08:10:55.685+0000] {processor.py:840} INFO - DAG(s) 'example_python_operator' retrieved from /home/airflow/.local/lib/python3.12/site-packages/airflow/example_dags/example_python_operator.py
[2024-06-18T08:10:55.695+0000] {logging_mixin.py:188} INFO - [2024-06-18T08:10:55.695+0000] {dag.py:3096} INFO - Sync 1 DAGs
[2024-06-18T08:10:55.705+0000] {logging_mixin.py:188} INFO - [2024-06-18T08:10:55.705+0000] {dag.py:3954} INFO - Setting next_dagrun for example_python_operator to None, run_after=None
[2024-06-18T08:10:55.718+0000] {processor.py:183} INFO - Processing /home/airflow/.local/lib/python3.12/site-packages/airflow/example_dags/example_python_operator.py took 0.054 seconds
[2024-06-18T08:11:26.590+0000] {processor.py:161} INFO - Started process (PID=129) to work on /home/airflow/.local/lib/python3.12/site-packages/airflow/example_dags/example_python_operator.py
[2024-06-18T08:11:26.590+0000] {processor.py:830} INFO - Processing file /home/airflow/.local/lib/python3.12/site-packages/airflow/example_dags/example_python_operator.py for tasks to queue
[2024-06-18T08:11:26.592+0000] {logging_mixin.py:188} INFO - [2024-06-18T08:11:26.591+0000] {dagbag.py:545} INFO - Filling up the DagBag from /home/airflow/.local/lib/python3.12/site-packages/airflow/example_dags/example_python_operator.py
[2024-06-18T08:11:26.599+0000] {processor.py:840} INFO - DAG(s) 'example_python_operator' retrieved from /home/airflow/.local/lib/python3.12/site-packages/airflow/example_dags/example_python_operator.py
[2024-06-18T08:11:26.668+0000] {logging_mixin.py:188} INFO - [2024-06-18T08:11:26.668+0000] {dag.py:3096} INFO - Sync 1 DAGs
[2024-06-18T08:11:26.675+0000] {logging_mixin.py:188} INFO - [2024-06-18T08:11:26.675+0000] {dag.py:3954} INFO - Setting next_dagrun for example_python_operator to None, run_after=None
[2024-06-18T08:11:26.688+0000] {processor.py:183} INFO - Processing /home/airflow/.local/lib/python3.12/site-packages/airflow/example_dags/example_python_operator.py took 0.103 seconds
[2024-06-18T08:11:57.138+0000] {processor.py:161} INFO - Started process (PID=186) to work on /home/airflow/.local/lib/python3.12/site-packages/airflow/example_dags/example_python_operator.py
[2024-06-18T08:11:57.138+0000] {processor.py:830} INFO - Processing file /home/airflow/.local/lib/python3.12/site-packages/airflow/example_dags/example_python_operator.py for tasks to queue
[2024-06-18T08:11:57.140+0000] {logging_mixin.py:188} INFO - [2024-06-18T08:11:57.139+0000] {dagbag.py:545} INFO - Filling up the DagBag from /home/airflow/.local/lib/python3.12/site-packages/airflow/example_dags/example_python_operator.py
[2024-06-18T08:11:57.147+0000] {processor.py:840} INFO - DAG(s) 'example_python_operator' retrieved from /home/airflow/.local/lib/python3.12/site-packages/airflow/example_dags/example_python_operator.py
[2024-06-18T08:11:57.162+0000] {logging_mixin.py:188} INFO - [2024-06-18T08:11:57.162+0000] {dag.py:3096} INFO - Sync 1 DAGs
[2024-06-18T08:11:57.170+0000] {logging_mixin.py:188} INFO - [2024-06-18T08:11:57.170+0000] {dag.py:3954} INFO - Setting next_dagrun for example_python_operator to None, run_after=None
[2024-06-18T08:11:57.183+0000] {processor.py:183} INFO - Processing /home/airflow/.local/lib/python3.12/site-packages/airflow/example_dags/example_python_operator.py took 0.049 seconds
[2024-06-18T08:12:27.581+0000] {processor.py:161} INFO - Started process (PID=244) to work on /home/airflow/.local/lib/python3.12/site-packages/airflow/example_dags/example_python_operator.py
[2024-06-18T08:12:27.582+0000] {processor.py:830} INFO - Processing file /home/airflow/.local/lib/python3.12/site-packages/airflow/example_dags/example_python_operator.py for tasks to queue
[2024-06-18T08:12:27.584+0000] {logging_mixin.py:188} INFO - [2024-06-18T08:12:27.584+0000] {dagbag.py:545} INFO - Filling up the DagBag from /home/airflow/.local/lib/python3.12/site-packages/airflow/example_dags/example_python_operator.py
[2024-06-18T08:12:27.593+0000] {processor.py:840} INFO - DAG(s) 'example_python_operator' retrieved from /home/airflow/.local/lib/python3.12/site-packages/airflow/example_dags/example_python_operator.py
[2024-06-18T08:12:27.610+0000] {logging_mixin.py:188} INFO - [2024-06-18T08:12:27.609+0000] {dag.py:3096} INFO - Sync 1 DAGs
[2024-06-18T08:12:27.619+0000] {logging_mixin.py:188} INFO - [2024-06-18T08:12:27.619+0000] {dag.py:3954} INFO - Setting next_dagrun for example_python_operator to None, run_after=None
[2024-06-18T08:12:27.633+0000] {processor.py:183} INFO - Processing /home/airflow/.local/lib/python3.12/site-packages/airflow/example_dags/example_python_operator.py took 0.057 seconds
[2024-06-18T08:12:58.062+0000] {processor.py:161} INFO - Started process (PID=301) to work on /home/airflow/.local/lib/python3.12/site-packages/airflow/example_dags/example_python_operator.py
[2024-06-18T08:12:58.063+0000] {processor.py:830} INFO - Processing file /home/airflow/.local/lib/python3.12/site-packages/airflow/example_dags/example_python_operator.py for tasks to queue
[2024-06-18T08:12:58.065+0000] {logging_mixin.py:188} INFO - [2024-06-18T08:12:58.065+0000] {dagbag.py:545} INFO - Filling up the DagBag from /home/airflow/.local/lib/python3.12/site-packages/airflow/example_dags/example_python_operator.py
[2024-06-18T08:12:58.073+0000] {processor.py:840} INFO - DAG(s) 'example_python_operator' retrieved from /home/airflow/.local/lib/python3.12/site-packages/airflow/example_dags/example_python_operator.py
[2024-06-18T08:12:58.089+0000] {logging_mixin.py:188} INFO - [2024-06-18T08:12:58.089+0000] {dag.py:3096} INFO - Sync 1 DAGs
[2024-06-18T08:12:58.099+0000] {logging_mixin.py:188} INFO - [2024-06-18T08:12:58.099+0000] {dag.py:3954} INFO - Setting next_dagrun for example_python_operator to None, run_after=None
[2024-06-18T08:12:58.114+0000] {processor.py:183} INFO - Processing /home/airflow/.local/lib/python3.12/site-packages/airflow/example_dags/example_python_operator.py took 0.056 seconds
[2024-06-18T08:13:28.699+0000] {processor.py:161} INFO - Started process (PID=359) to work on /home/airflow/.local/lib/python3.12/site-packages/airflow/example_dags/example_python_operator.py
[2024-06-18T08:13:28.700+0000] {processor.py:830} INFO - Processing file /home/airflow/.local/lib/python3.12/site-packages/airflow/example_dags/example_python_operator.py for tasks to queue
[2024-06-18T08:13:28.703+0000] {logging_mixin.py:188} INFO - [2024-06-18T08:13:28.702+0000] {dagbag.py:545} INFO - Filling up the DagBag from /home/airflow/.local/lib/python3.12/site-packages/airflow/example_dags/example_python_operator.py
[2024-06-18T08:13:28.716+0000] {processor.py:840} INFO - DAG(s) 'example_python_operator' retrieved from /home/airflow/.local/lib/python3.12/site-packages/airflow/example_dags/example_python_operator.py
[2024-06-18T08:13:28.736+0000] {logging_mixin.py:188} INFO - [2024-06-18T08:13:28.736+0000] {dag.py:3096} INFO - Sync 1 DAGs
[2024-06-18T08:13:28.747+0000] {logging_mixin.py:188} INFO - [2024-06-18T08:13:28.747+0000] {dag.py:3954} INFO - Setting next_dagrun for example_python_operator to None, run_after=None
[2024-06-18T08:13:28.763+0000] {processor.py:183} INFO - Processing /home/airflow/.local/lib/python3.12/site-packages/airflow/example_dags/example_python_operator.py took 0.071 seconds
[2024-06-18T08:13:59.210+0000] {processor.py:161} INFO - Started process (PID=417) to work on /home/airflow/.local/lib/python3.12/site-packages/airflow/example_dags/example_python_operator.py
[2024-06-18T08:13:59.211+0000] {processor.py:830} INFO - Processing file /home/airflow/.local/lib/python3.12/site-packages/airflow/example_dags/example_python_operator.py for tasks to queue
[2024-06-18T08:13:59.212+0000] {logging_mixin.py:188} INFO - [2024-06-18T08:13:59.212+0000] {dagbag.py:545} INFO - Filling up the DagBag from /home/airflow/.local/lib/python3.12/site-packages/airflow/example_dags/example_python_operator.py
[2024-06-18T08:13:59.220+0000] {processor.py:840} INFO - DAG(s) 'example_python_operator' retrieved from /home/airflow/.local/lib/python3.12/site-packages/airflow/example_dags/example_python_operator.py
[2024-06-18T08:13:59.237+0000] {logging_mixin.py:188} INFO - [2024-06-18T08:13:59.237+0000] {dag.py:3096} INFO - Sync 1 DAGs
[2024-06-18T08:13:59.247+0000] {logging_mixin.py:188} INFO - [2024-06-18T08:13:59.247+0000] {dag.py:3954} INFO - Setting next_dagrun for example_python_operator to None, run_after=None
[2024-06-18T08:13:59.262+0000] {processor.py:183} INFO - Processing /home/airflow/.local/lib/python3.12/site-packages/airflow/example_dags/example_python_operator.py took 0.056 seconds
