[2024-06-18T08:10:54.974+0000] {processor.py:161} INFO - Started process (PID=55) to work on /home/airflow/.local/lib/python3.12/site-packages/airflow/example_dags/example_bash_decorator.py
[2024-06-18T08:10:54.975+0000] {processor.py:830} INFO - Processing file /home/airflow/.local/lib/python3.12/site-packages/airflow/example_dags/example_bash_decorator.py for tasks to queue
[2024-06-18T08:10:54.976+0000] {logging_mixin.py:188} INFO - [2024-06-18T08:10:54.976+0000] {dagbag.py:545} INFO - Filling up the DagBag from /home/airflow/.local/lib/python3.12/site-packages/airflow/example_dags/example_bash_decorator.py
[2024-06-18T08:10:54.991+0000] {processor.py:840} INFO - DAG(s) 'example_bash_decorator' retrieved from /home/airflow/.local/lib/python3.12/site-packages/airflow/example_dags/example_bash_decorator.py
[2024-06-18T08:10:55.003+0000] {logging_mixin.py:188} INFO - [2024-06-18T08:10:55.003+0000] {dag.py:3096} INFO - Sync 1 DAGs
[2024-06-18T08:10:55.020+0000] {logging_mixin.py:188} INFO - [2024-06-18T08:10:55.020+0000] {dag.py:3954} INFO - Setting next_dagrun for example_bash_decorator to None, run_after=None
[2024-06-18T08:10:55.042+0000] {processor.py:183} INFO - Processing /home/airflow/.local/lib/python3.12/site-packages/airflow/example_dags/example_bash_decorator.py took 0.073 seconds
[2024-06-18T08:11:25.574+0000] {processor.py:161} INFO - Started process (PID=113) to work on /home/airflow/.local/lib/python3.12/site-packages/airflow/example_dags/example_bash_decorator.py
[2024-06-18T08:11:25.575+0000] {processor.py:830} INFO - Processing file /home/airflow/.local/lib/python3.12/site-packages/airflow/example_dags/example_bash_decorator.py for tasks to queue
[2024-06-18T08:11:25.576+0000] {logging_mixin.py:188} INFO - [2024-06-18T08:11:25.576+0000] {dagbag.py:545} INFO - Filling up the DagBag from /home/airflow/.local/lib/python3.12/site-packages/airflow/example_dags/example_bash_decorator.py
[2024-06-18T08:11:25.585+0000] {processor.py:840} INFO - DAG(s) 'example_bash_decorator' retrieved from /home/airflow/.local/lib/python3.12/site-packages/airflow/example_dags/example_bash_decorator.py
[2024-06-18T08:11:25.657+0000] {logging_mixin.py:188} INFO - [2024-06-18T08:11:25.657+0000] {dag.py:3096} INFO - Sync 1 DAGs
[2024-06-18T08:11:25.664+0000] {logging_mixin.py:188} INFO - [2024-06-18T08:11:25.664+0000] {dag.py:3954} INFO - Setting next_dagrun for example_bash_decorator to None, run_after=None
[2024-06-18T08:11:25.678+0000] {processor.py:183} INFO - Processing /home/airflow/.local/lib/python3.12/site-packages/airflow/example_dags/example_bash_decorator.py took 0.108 seconds
[2024-06-18T08:11:56.508+0000] {processor.py:161} INFO - Started process (PID=170) to work on /home/airflow/.local/lib/python3.12/site-packages/airflow/example_dags/example_bash_decorator.py
[2024-06-18T08:11:56.509+0000] {processor.py:830} INFO - Processing file /home/airflow/.local/lib/python3.12/site-packages/airflow/example_dags/example_bash_decorator.py for tasks to queue
[2024-06-18T08:11:56.510+0000] {logging_mixin.py:188} INFO - [2024-06-18T08:11:56.510+0000] {dagbag.py:545} INFO - Filling up the DagBag from /home/airflow/.local/lib/python3.12/site-packages/airflow/example_dags/example_bash_decorator.py
[2024-06-18T08:11:56.519+0000] {processor.py:840} INFO - DAG(s) 'example_bash_decorator' retrieved from /home/airflow/.local/lib/python3.12/site-packages/airflow/example_dags/example_bash_decorator.py
[2024-06-18T08:11:56.535+0000] {logging_mixin.py:188} INFO - [2024-06-18T08:11:56.535+0000] {dag.py:3096} INFO - Sync 1 DAGs
[2024-06-18T08:11:56.545+0000] {logging_mixin.py:188} INFO - [2024-06-18T08:11:56.545+0000] {dag.py:3954} INFO - Setting next_dagrun for example_bash_decorator to None, run_after=None
[2024-06-18T08:11:56.559+0000] {processor.py:183} INFO - Processing /home/airflow/.local/lib/python3.12/site-packages/airflow/example_dags/example_bash_decorator.py took 0.055 seconds
[2024-06-18T08:12:26.700+0000] {processor.py:161} INFO - Started process (PID=228) to work on /home/airflow/.local/lib/python3.12/site-packages/airflow/example_dags/example_bash_decorator.py
[2024-06-18T08:12:26.700+0000] {processor.py:830} INFO - Processing file /home/airflow/.local/lib/python3.12/site-packages/airflow/example_dags/example_bash_decorator.py for tasks to queue
[2024-06-18T08:12:26.702+0000] {logging_mixin.py:188} INFO - [2024-06-18T08:12:26.702+0000] {dagbag.py:545} INFO - Filling up the DagBag from /home/airflow/.local/lib/python3.12/site-packages/airflow/example_dags/example_bash_decorator.py
[2024-06-18T08:12:26.711+0000] {processor.py:840} INFO - DAG(s) 'example_bash_decorator' retrieved from /home/airflow/.local/lib/python3.12/site-packages/airflow/example_dags/example_bash_decorator.py
[2024-06-18T08:12:26.728+0000] {logging_mixin.py:188} INFO - [2024-06-18T08:12:26.728+0000] {dag.py:3096} INFO - Sync 1 DAGs
[2024-06-18T08:12:26.737+0000] {logging_mixin.py:188} INFO - [2024-06-18T08:12:26.737+0000] {dag.py:3954} INFO - Setting next_dagrun for example_bash_decorator to None, run_after=None
[2024-06-18T08:12:26.752+0000] {processor.py:183} INFO - Processing /home/airflow/.local/lib/python3.12/site-packages/airflow/example_dags/example_bash_decorator.py took 0.057 seconds
[2024-06-18T08:12:57.205+0000] {processor.py:161} INFO - Started process (PID=285) to work on /home/airflow/.local/lib/python3.12/site-packages/airflow/example_dags/example_bash_decorator.py
[2024-06-18T08:12:57.205+0000] {processor.py:830} INFO - Processing file /home/airflow/.local/lib/python3.12/site-packages/airflow/example_dags/example_bash_decorator.py for tasks to queue
[2024-06-18T08:12:57.207+0000] {logging_mixin.py:188} INFO - [2024-06-18T08:12:57.206+0000] {dagbag.py:545} INFO - Filling up the DagBag from /home/airflow/.local/lib/python3.12/site-packages/airflow/example_dags/example_bash_decorator.py
[2024-06-18T08:12:57.216+0000] {processor.py:840} INFO - DAG(s) 'example_bash_decorator' retrieved from /home/airflow/.local/lib/python3.12/site-packages/airflow/example_dags/example_bash_decorator.py
[2024-06-18T08:12:57.232+0000] {logging_mixin.py:188} INFO - [2024-06-18T08:12:57.232+0000] {dag.py:3096} INFO - Sync 1 DAGs
[2024-06-18T08:12:57.241+0000] {logging_mixin.py:188} INFO - [2024-06-18T08:12:57.241+0000] {dag.py:3954} INFO - Setting next_dagrun for example_bash_decorator to None, run_after=None
[2024-06-18T08:12:57.254+0000] {processor.py:183} INFO - Processing /home/airflow/.local/lib/python3.12/site-packages/airflow/example_dags/example_bash_decorator.py took 0.054 seconds
[2024-06-18T08:13:27.778+0000] {processor.py:161} INFO - Started process (PID=343) to work on /home/airflow/.local/lib/python3.12/site-packages/airflow/example_dags/example_bash_decorator.py
[2024-06-18T08:13:27.779+0000] {processor.py:830} INFO - Processing file /home/airflow/.local/lib/python3.12/site-packages/airflow/example_dags/example_bash_decorator.py for tasks to queue
[2024-06-18T08:13:27.780+0000] {logging_mixin.py:188} INFO - [2024-06-18T08:13:27.780+0000] {dagbag.py:545} INFO - Filling up the DagBag from /home/airflow/.local/lib/python3.12/site-packages/airflow/example_dags/example_bash_decorator.py
[2024-06-18T08:13:27.790+0000] {processor.py:840} INFO - DAG(s) 'example_bash_decorator' retrieved from /home/airflow/.local/lib/python3.12/site-packages/airflow/example_dags/example_bash_decorator.py
[2024-06-18T08:13:27.810+0000] {logging_mixin.py:188} INFO - [2024-06-18T08:13:27.810+0000] {dag.py:3096} INFO - Sync 1 DAGs
[2024-06-18T08:13:27.820+0000] {logging_mixin.py:188} INFO - [2024-06-18T08:13:27.820+0000] {dag.py:3954} INFO - Setting next_dagrun for example_bash_decorator to None, run_after=None
[2024-06-18T08:13:27.836+0000] {processor.py:183} INFO - Processing /home/airflow/.local/lib/python3.12/site-packages/airflow/example_dags/example_bash_decorator.py took 0.062 seconds
[2024-06-18T08:13:58.433+0000] {processor.py:161} INFO - Started process (PID=401) to work on /home/airflow/.local/lib/python3.12/site-packages/airflow/example_dags/example_bash_decorator.py
[2024-06-18T08:13:58.434+0000] {processor.py:830} INFO - Processing file /home/airflow/.local/lib/python3.12/site-packages/airflow/example_dags/example_bash_decorator.py for tasks to queue
[2024-06-18T08:13:58.435+0000] {logging_mixin.py:188} INFO - [2024-06-18T08:13:58.435+0000] {dagbag.py:545} INFO - Filling up the DagBag from /home/airflow/.local/lib/python3.12/site-packages/airflow/example_dags/example_bash_decorator.py
[2024-06-18T08:13:58.445+0000] {processor.py:840} INFO - DAG(s) 'example_bash_decorator' retrieved from /home/airflow/.local/lib/python3.12/site-packages/airflow/example_dags/example_bash_decorator.py
[2024-06-18T08:13:58.461+0000] {logging_mixin.py:188} INFO - [2024-06-18T08:13:58.461+0000] {dag.py:3096} INFO - Sync 1 DAGs
[2024-06-18T08:13:58.471+0000] {logging_mixin.py:188} INFO - [2024-06-18T08:13:58.470+0000] {dag.py:3954} INFO - Setting next_dagrun for example_bash_decorator to None, run_after=None
[2024-06-18T08:13:58.485+0000] {processor.py:183} INFO - Processing /home/airflow/.local/lib/python3.12/site-packages/airflow/example_dags/example_bash_decorator.py took 0.056 seconds
