[2024-06-18T08:10:56.241+0000] {processor.py:161} INFO - Started process (PID=86) to work on /home/airflow/.local/lib/python3.12/site-packages/airflow/example_dags/example_subdag_operator.py
[2024-06-18T08:10:56.242+0000] {processor.py:830} INFO - Processing file /home/airflow/.local/lib/python3.12/site-packages/airflow/example_dags/example_subdag_operator.py for tasks to queue
[2024-06-18T08:10:56.243+0000] {logging_mixin.py:188} INFO - [2024-06-18T08:10:56.243+0000] {dagbag.py:545} INFO - Filling up the DagBag from /home/airflow/.local/lib/python3.12/site-packages/airflow/example_dags/example_subdag_operator.py
[2024-06-18T08:10:56.265+0000] {processor.py:840} INFO - DAG(s) 'example_subdag_operator.section-1', 'example_subdag_operator.section-2', 'example_subdag_operator' retrieved from /home/airflow/.local/lib/python3.12/site-packages/airflow/example_dags/example_subdag_operator.py
[2024-06-18T08:10:56.268+0000] {logging_mixin.py:188} INFO - [2024-06-18T08:10:56.268+0000] {dag.py:3096} INFO - Sync 3 DAGs
[2024-06-18T08:10:56.285+0000] {logging_mixin.py:188} INFO - [2024-06-18T08:10:56.285+0000] {dag.py:3954} INFO - Setting next_dagrun for example_subdag_operator to 2022-01-01 00:00:00+00:00, run_after=2022-01-01 00:00:00+00:00
[2024-06-18T08:10:56.288+0000] {logging_mixin.py:188} INFO - [2024-06-18T08:10:56.288+0000] {dag.py:3954} INFO - Setting next_dagrun for example_subdag_operator.section-1 to None, run_after=None
[2024-06-18T08:10:56.289+0000] {logging_mixin.py:188} INFO - [2024-06-18T08:10:56.289+0000] {dag.py:3954} INFO - Setting next_dagrun for example_subdag_operator.section-2 to None, run_after=None
[2024-06-18T08:10:56.295+0000] {logging_mixin.py:188} INFO - [2024-06-18T08:10:56.295+0000] {dag.py:3096} INFO - Sync 2 DAGs
[2024-06-18T08:10:56.299+0000] {logging_mixin.py:188} INFO - [2024-06-18T08:10:56.299+0000] {dag.py:3954} INFO - Setting next_dagrun for example_subdag_operator.section-1 to None, run_after=None
[2024-06-18T08:10:56.300+0000] {logging_mixin.py:188} INFO - [2024-06-18T08:10:56.300+0000] {dag.py:3954} INFO - Setting next_dagrun for example_subdag_operator.section-2 to None, run_after=None
[2024-06-18T08:10:56.308+0000] {processor.py:183} INFO - Processing /home/airflow/.local/lib/python3.12/site-packages/airflow/example_dags/example_subdag_operator.py took 0.072 seconds
[2024-06-18T08:11:27.515+0000] {processor.py:161} INFO - Started process (PID=144) to work on /home/airflow/.local/lib/python3.12/site-packages/airflow/example_dags/example_subdag_operator.py
[2024-06-18T08:11:27.516+0000] {processor.py:830} INFO - Processing file /home/airflow/.local/lib/python3.12/site-packages/airflow/example_dags/example_subdag_operator.py for tasks to queue
[2024-06-18T08:11:27.517+0000] {logging_mixin.py:188} INFO - [2024-06-18T08:11:27.517+0000] {dagbag.py:545} INFO - Filling up the DagBag from /home/airflow/.local/lib/python3.12/site-packages/airflow/example_dags/example_subdag_operator.py
[2024-06-18T08:11:27.532+0000] {processor.py:840} INFO - DAG(s) 'example_subdag_operator.section-1', 'example_subdag_operator.section-2', 'example_subdag_operator' retrieved from /home/airflow/.local/lib/python3.12/site-packages/airflow/example_dags/example_subdag_operator.py
[2024-06-18T08:11:27.604+0000] {logging_mixin.py:188} INFO - [2024-06-18T08:11:27.604+0000] {dag.py:3096} INFO - Sync 3 DAGs
[2024-06-18T08:11:27.620+0000] {logging_mixin.py:188} INFO - [2024-06-18T08:11:27.620+0000] {dag.py:3954} INFO - Setting next_dagrun for example_subdag_operator to 2022-01-01 00:00:00+00:00, run_after=2022-01-01 00:00:00+00:00
[2024-06-18T08:11:27.622+0000] {logging_mixin.py:188} INFO - [2024-06-18T08:11:27.622+0000] {dag.py:3954} INFO - Setting next_dagrun for example_subdag_operator.section-1 to None, run_after=None
[2024-06-18T08:11:27.623+0000] {logging_mixin.py:188} INFO - [2024-06-18T08:11:27.623+0000] {dag.py:3954} INFO - Setting next_dagrun for example_subdag_operator.section-2 to None, run_after=None
[2024-06-18T08:11:27.629+0000] {logging_mixin.py:188} INFO - [2024-06-18T08:11:27.629+0000] {dag.py:3096} INFO - Sync 2 DAGs
[2024-06-18T08:11:27.633+0000] {logging_mixin.py:188} INFO - [2024-06-18T08:11:27.633+0000] {dag.py:3954} INFO - Setting next_dagrun for example_subdag_operator.section-1 to None, run_after=None
[2024-06-18T08:11:27.634+0000] {logging_mixin.py:188} INFO - [2024-06-18T08:11:27.634+0000] {dag.py:3954} INFO - Setting next_dagrun for example_subdag_operator.section-2 to None, run_after=None
[2024-06-18T08:11:27.642+0000] {processor.py:183} INFO - Processing /home/airflow/.local/lib/python3.12/site-packages/airflow/example_dags/example_subdag_operator.py took 0.131 seconds
[2024-06-18T08:11:57.663+0000] {processor.py:161} INFO - Started process (PID=201) to work on /home/airflow/.local/lib/python3.12/site-packages/airflow/example_dags/example_subdag_operator.py
[2024-06-18T08:11:57.664+0000] {processor.py:830} INFO - Processing file /home/airflow/.local/lib/python3.12/site-packages/airflow/example_dags/example_subdag_operator.py for tasks to queue
[2024-06-18T08:11:57.666+0000] {logging_mixin.py:188} INFO - [2024-06-18T08:11:57.665+0000] {dagbag.py:545} INFO - Filling up the DagBag from /home/airflow/.local/lib/python3.12/site-packages/airflow/example_dags/example_subdag_operator.py
[2024-06-18T08:11:57.681+0000] {processor.py:840} INFO - DAG(s) 'example_subdag_operator.section-1', 'example_subdag_operator.section-2', 'example_subdag_operator' retrieved from /home/airflow/.local/lib/python3.12/site-packages/airflow/example_dags/example_subdag_operator.py
[2024-06-18T08:11:57.692+0000] {logging_mixin.py:188} INFO - [2024-06-18T08:11:57.692+0000] {dag.py:3096} INFO - Sync 3 DAGs
[2024-06-18T08:11:57.706+0000] {logging_mixin.py:188} INFO - [2024-06-18T08:11:57.706+0000] {dag.py:3954} INFO - Setting next_dagrun for example_subdag_operator to 2022-01-01 00:00:00+00:00, run_after=2022-01-01 00:00:00+00:00
[2024-06-18T08:11:57.709+0000] {logging_mixin.py:188} INFO - [2024-06-18T08:11:57.709+0000] {dag.py:3954} INFO - Setting next_dagrun for example_subdag_operator.section-1 to None, run_after=None
[2024-06-18T08:11:57.710+0000] {logging_mixin.py:188} INFO - [2024-06-18T08:11:57.710+0000] {dag.py:3954} INFO - Setting next_dagrun for example_subdag_operator.section-2 to None, run_after=None
[2024-06-18T08:11:57.715+0000] {logging_mixin.py:188} INFO - [2024-06-18T08:11:57.715+0000] {dag.py:3096} INFO - Sync 2 DAGs
[2024-06-18T08:11:57.719+0000] {logging_mixin.py:188} INFO - [2024-06-18T08:11:57.718+0000] {dag.py:3954} INFO - Setting next_dagrun for example_subdag_operator.section-1 to None, run_after=None
[2024-06-18T08:11:57.719+0000] {logging_mixin.py:188} INFO - [2024-06-18T08:11:57.719+0000] {dag.py:3954} INFO - Setting next_dagrun for example_subdag_operator.section-2 to None, run_after=None
[2024-06-18T08:11:57.727+0000] {processor.py:183} INFO - Processing /home/airflow/.local/lib/python3.12/site-packages/airflow/example_dags/example_subdag_operator.py took 0.067 seconds
[2024-06-18T08:12:28.370+0000] {processor.py:161} INFO - Started process (PID=259) to work on /home/airflow/.local/lib/python3.12/site-packages/airflow/example_dags/example_subdag_operator.py
[2024-06-18T08:12:28.371+0000] {processor.py:830} INFO - Processing file /home/airflow/.local/lib/python3.12/site-packages/airflow/example_dags/example_subdag_operator.py for tasks to queue
[2024-06-18T08:12:28.372+0000] {logging_mixin.py:188} INFO - [2024-06-18T08:12:28.372+0000] {dagbag.py:545} INFO - Filling up the DagBag from /home/airflow/.local/lib/python3.12/site-packages/airflow/example_dags/example_subdag_operator.py
[2024-06-18T08:12:28.388+0000] {processor.py:840} INFO - DAG(s) 'example_subdag_operator.section-1', 'example_subdag_operator.section-2', 'example_subdag_operator' retrieved from /home/airflow/.local/lib/python3.12/site-packages/airflow/example_dags/example_subdag_operator.py
[2024-06-18T08:12:28.400+0000] {logging_mixin.py:188} INFO - [2024-06-18T08:12:28.400+0000] {dag.py:3096} INFO - Sync 3 DAGs
[2024-06-18T08:12:28.415+0000] {logging_mixin.py:188} INFO - [2024-06-18T08:12:28.415+0000] {dag.py:3954} INFO - Setting next_dagrun for example_subdag_operator to 2022-01-01 00:00:00+00:00, run_after=2022-01-01 00:00:00+00:00
[2024-06-18T08:12:28.418+0000] {logging_mixin.py:188} INFO - [2024-06-18T08:12:28.418+0000] {dag.py:3954} INFO - Setting next_dagrun for example_subdag_operator.section-1 to None, run_after=None
[2024-06-18T08:12:28.419+0000] {logging_mixin.py:188} INFO - [2024-06-18T08:12:28.419+0000] {dag.py:3954} INFO - Setting next_dagrun for example_subdag_operator.section-2 to None, run_after=None
[2024-06-18T08:12:28.424+0000] {logging_mixin.py:188} INFO - [2024-06-18T08:12:28.424+0000] {dag.py:3096} INFO - Sync 2 DAGs
[2024-06-18T08:12:28.428+0000] {logging_mixin.py:188} INFO - [2024-06-18T08:12:28.428+0000] {dag.py:3954} INFO - Setting next_dagrun for example_subdag_operator.section-1 to None, run_after=None
[2024-06-18T08:12:28.428+0000] {logging_mixin.py:188} INFO - [2024-06-18T08:12:28.428+0000] {dag.py:3954} INFO - Setting next_dagrun for example_subdag_operator.section-2 to None, run_after=None
[2024-06-18T08:12:28.437+0000] {processor.py:183} INFO - Processing /home/airflow/.local/lib/python3.12/site-packages/airflow/example_dags/example_subdag_operator.py took 0.071 seconds
[2024-06-18T08:12:58.932+0000] {processor.py:161} INFO - Started process (PID=316) to work on /home/airflow/.local/lib/python3.12/site-packages/airflow/example_dags/example_subdag_operator.py
[2024-06-18T08:12:58.933+0000] {processor.py:830} INFO - Processing file /home/airflow/.local/lib/python3.12/site-packages/airflow/example_dags/example_subdag_operator.py for tasks to queue
[2024-06-18T08:12:58.935+0000] {logging_mixin.py:188} INFO - [2024-06-18T08:12:58.935+0000] {dagbag.py:545} INFO - Filling up the DagBag from /home/airflow/.local/lib/python3.12/site-packages/airflow/example_dags/example_subdag_operator.py
[2024-06-18T08:12:58.953+0000] {processor.py:840} INFO - DAG(s) 'example_subdag_operator.section-1', 'example_subdag_operator.section-2', 'example_subdag_operator' retrieved from /home/airflow/.local/lib/python3.12/site-packages/airflow/example_dags/example_subdag_operator.py
[2024-06-18T08:12:58.966+0000] {logging_mixin.py:188} INFO - [2024-06-18T08:12:58.966+0000] {dag.py:3096} INFO - Sync 3 DAGs
[2024-06-18T08:12:58.983+0000] {logging_mixin.py:188} INFO - [2024-06-18T08:12:58.983+0000] {dag.py:3954} INFO - Setting next_dagrun for example_subdag_operator to 2022-01-01 00:00:00+00:00, run_after=2022-01-01 00:00:00+00:00
[2024-06-18T08:12:58.986+0000] {logging_mixin.py:188} INFO - [2024-06-18T08:12:58.986+0000] {dag.py:3954} INFO - Setting next_dagrun for example_subdag_operator.section-1 to None, run_after=None
[2024-06-18T08:12:58.987+0000] {logging_mixin.py:188} INFO - [2024-06-18T08:12:58.987+0000] {dag.py:3954} INFO - Setting next_dagrun for example_subdag_operator.section-2 to None, run_after=None
[2024-06-18T08:12:58.993+0000] {logging_mixin.py:188} INFO - [2024-06-18T08:12:58.993+0000] {dag.py:3096} INFO - Sync 2 DAGs
[2024-06-18T08:12:58.998+0000] {logging_mixin.py:188} INFO - [2024-06-18T08:12:58.997+0000] {dag.py:3954} INFO - Setting next_dagrun for example_subdag_operator.section-1 to None, run_after=None
[2024-06-18T08:12:58.998+0000] {logging_mixin.py:188} INFO - [2024-06-18T08:12:58.998+0000] {dag.py:3954} INFO - Setting next_dagrun for example_subdag_operator.section-2 to None, run_after=None
[2024-06-18T08:12:59.006+0000] {processor.py:183} INFO - Processing /home/airflow/.local/lib/python3.12/site-packages/airflow/example_dags/example_subdag_operator.py took 0.079 seconds
[2024-06-18T08:13:29.609+0000] {processor.py:161} INFO - Started process (PID=374) to work on /home/airflow/.local/lib/python3.12/site-packages/airflow/example_dags/example_subdag_operator.py
[2024-06-18T08:13:29.611+0000] {processor.py:830} INFO - Processing file /home/airflow/.local/lib/python3.12/site-packages/airflow/example_dags/example_subdag_operator.py for tasks to queue
[2024-06-18T08:13:29.612+0000] {logging_mixin.py:188} INFO - [2024-06-18T08:13:29.612+0000] {dagbag.py:545} INFO - Filling up the DagBag from /home/airflow/.local/lib/python3.12/site-packages/airflow/example_dags/example_subdag_operator.py
[2024-06-18T08:13:29.630+0000] {processor.py:840} INFO - DAG(s) 'example_subdag_operator.section-1', 'example_subdag_operator.section-2', 'example_subdag_operator' retrieved from /home/airflow/.local/lib/python3.12/site-packages/airflow/example_dags/example_subdag_operator.py
[2024-06-18T08:13:29.640+0000] {logging_mixin.py:188} INFO - [2024-06-18T08:13:29.640+0000] {dag.py:3096} INFO - Sync 3 DAGs
[2024-06-18T08:13:29.656+0000] {logging_mixin.py:188} INFO - [2024-06-18T08:13:29.656+0000] {dag.py:3954} INFO - Setting next_dagrun for example_subdag_operator to 2022-01-01 00:00:00+00:00, run_after=2022-01-01 00:00:00+00:00
[2024-06-18T08:13:29.658+0000] {logging_mixin.py:188} INFO - [2024-06-18T08:13:29.658+0000] {dag.py:3954} INFO - Setting next_dagrun for example_subdag_operator.section-1 to None, run_after=None
[2024-06-18T08:13:29.660+0000] {logging_mixin.py:188} INFO - [2024-06-18T08:13:29.659+0000] {dag.py:3954} INFO - Setting next_dagrun for example_subdag_operator.section-2 to None, run_after=None
[2024-06-18T08:13:29.665+0000] {logging_mixin.py:188} INFO - [2024-06-18T08:13:29.665+0000] {dag.py:3096} INFO - Sync 2 DAGs
[2024-06-18T08:13:29.669+0000] {logging_mixin.py:188} INFO - [2024-06-18T08:13:29.669+0000] {dag.py:3954} INFO - Setting next_dagrun for example_subdag_operator.section-1 to None, run_after=None
[2024-06-18T08:13:29.670+0000] {logging_mixin.py:188} INFO - [2024-06-18T08:13:29.669+0000] {dag.py:3954} INFO - Setting next_dagrun for example_subdag_operator.section-2 to None, run_after=None
[2024-06-18T08:13:29.678+0000] {processor.py:183} INFO - Processing /home/airflow/.local/lib/python3.12/site-packages/airflow/example_dags/example_subdag_operator.py took 0.073 seconds
[2024-06-18T08:14:00.027+0000] {processor.py:161} INFO - Started process (PID=432) to work on /home/airflow/.local/lib/python3.12/site-packages/airflow/example_dags/example_subdag_operator.py
[2024-06-18T08:14:00.029+0000] {processor.py:830} INFO - Processing file /home/airflow/.local/lib/python3.12/site-packages/airflow/example_dags/example_subdag_operator.py for tasks to queue
[2024-06-18T08:14:00.031+0000] {logging_mixin.py:188} INFO - [2024-06-18T08:14:00.030+0000] {dagbag.py:545} INFO - Filling up the DagBag from /home/airflow/.local/lib/python3.12/site-packages/airflow/example_dags/example_subdag_operator.py
[2024-06-18T08:14:00.051+0000] {processor.py:840} INFO - DAG(s) 'example_subdag_operator.section-1', 'example_subdag_operator.section-2', 'example_subdag_operator' retrieved from /home/airflow/.local/lib/python3.12/site-packages/airflow/example_dags/example_subdag_operator.py
[2024-06-18T08:14:00.064+0000] {logging_mixin.py:188} INFO - [2024-06-18T08:14:00.063+0000] {dag.py:3096} INFO - Sync 3 DAGs
[2024-06-18T08:14:00.081+0000] {logging_mixin.py:188} INFO - [2024-06-18T08:14:00.081+0000] {dag.py:3954} INFO - Setting next_dagrun for example_subdag_operator to 2022-01-01 00:00:00+00:00, run_after=2022-01-01 00:00:00+00:00
[2024-06-18T08:14:00.086+0000] {logging_mixin.py:188} INFO - [2024-06-18T08:14:00.085+0000] {dag.py:3954} INFO - Setting next_dagrun for example_subdag_operator.section-1 to None, run_after=None
[2024-06-18T08:14:00.087+0000] {logging_mixin.py:188} INFO - [2024-06-18T08:14:00.087+0000] {dag.py:3954} INFO - Setting next_dagrun for example_subdag_operator.section-2 to None, run_after=None
[2024-06-18T08:14:00.093+0000] {logging_mixin.py:188} INFO - [2024-06-18T08:14:00.092+0000] {dag.py:3096} INFO - Sync 2 DAGs
[2024-06-18T08:14:00.097+0000] {logging_mixin.py:188} INFO - [2024-06-18T08:14:00.097+0000] {dag.py:3954} INFO - Setting next_dagrun for example_subdag_operator.section-1 to None, run_after=None
[2024-06-18T08:14:00.097+0000] {logging_mixin.py:188} INFO - [2024-06-18T08:14:00.097+0000] {dag.py:3954} INFO - Setting next_dagrun for example_subdag_operator.section-2 to None, run_after=None
[2024-06-18T08:14:00.105+0000] {processor.py:183} INFO - Processing /home/airflow/.local/lib/python3.12/site-packages/airflow/example_dags/example_subdag_operator.py took 0.083 seconds
