[2024-06-18T13:35:47.288+0000] {local_task_job_runner.py:120} INFO - ::group::Pre task execution logs
[2024-06-18T13:35:47.304+0000] {taskinstance.py:2076} INFO - Dependencies all met for dep_context=non-requeueable deps ti=<TaskInstance: etl_to_analytics_database_v3.extract_data_from_staging manual__2024-06-18T13:35:46.691376+00:00 [queued]>
[2024-06-18T13:35:47.309+0000] {taskinstance.py:2076} INFO - Dependencies all met for dep_context=requeueable deps ti=<TaskInstance: etl_to_analytics_database_v3.extract_data_from_staging manual__2024-06-18T13:35:46.691376+00:00 [queued]>
[2024-06-18T13:35:47.310+0000] {taskinstance.py:2306} INFO - Starting attempt 1 of 1
[2024-06-18T13:35:47.319+0000] {taskinstance.py:2330} INFO - Executing <Task(PythonOperator): extract_data_from_staging> on 2024-06-18 13:35:46.691376+00:00
[2024-06-18T13:35:47.323+0000] {warnings.py:112} WARNING - /home/***/.local/lib/python3.12/site-packages/***/task/task_runner/standard_task_runner.py:61: DeprecationWarning: This process (pid=6513) is multi-threaded, use of fork() may lead to deadlocks in the child.
  pid = os.fork()

[2024-06-18T13:35:47.325+0000] {standard_task_runner.py:63} INFO - Started process 6514 to run task
[2024-06-18T13:35:47.324+0000] {standard_task_runner.py:90} INFO - Running: ['***', 'tasks', 'run', 'etl_to_analytics_database_v3', 'extract_data_from_staging', 'manual__2024-06-18T13:35:46.691376+00:00', '--job-id', '764', '--raw', '--subdir', 'DAGS_FOLDER/batch-processing_dag.py', '--cfg-path', '/tmp/tmp15rhejtq']
[2024-06-18T13:35:47.325+0000] {standard_task_runner.py:91} INFO - Job 764: Subtask extract_data_from_staging
[2024-06-18T13:35:47.355+0000] {task_command.py:426} INFO - Running <TaskInstance: etl_to_analytics_database_v3.extract_data_from_staging manual__2024-06-18T13:35:46.691376+00:00 [running]> on host 195daacf7793
[2024-06-18T13:35:47.408+0000] {taskinstance.py:2648} INFO - Exporting env vars: AIRFLOW_CTX_DAG_OWNER='***' AIRFLOW_CTX_DAG_ID='etl_to_analytics_database_v3' AIRFLOW_CTX_TASK_ID='extract_data_from_staging' AIRFLOW_CTX_EXECUTION_DATE='2024-06-18T13:35:46.691376+00:00' AIRFLOW_CTX_TRY_NUMBER='1' AIRFLOW_CTX_DAG_RUN_ID='manual__2024-06-18T13:35:46.691376+00:00'
[2024-06-18T13:35:47.410+0000] {taskinstance.py:430} INFO - ::endgroup::
[2024-06-18T13:35:47.423+0000] {base.py:84} INFO - Using connection ID 'mysql_localhost' for task execution.
[2024-06-18T13:35:47.429+0000] {sql.py:487} INFO - Running statement: SELECT * FROM roles, parameters: None
[2024-06-18T13:35:47.430+0000] {sql.py:496} INFO - Rows affected: 2
[2024-06-18T13:35:47.434+0000] {base.py:84} INFO - Using connection ID 'mysql_localhost' for task execution.
[2024-06-18T13:35:47.435+0000] {sql.py:487} INFO - Running statement: SELECT * FROM users, parameters: None
[2024-06-18T13:35:47.436+0000] {sql.py:496} INFO - Rows affected: 1
[2024-06-18T13:35:47.440+0000] {base.py:84} INFO - Using connection ID 'mysql_localhost' for task execution.
[2024-06-18T13:35:47.441+0000] {sql.py:487} INFO - Running statement: SELECT * FROM expense, parameters: None
[2024-06-18T13:35:47.442+0000] {sql.py:496} INFO - Rows affected: 2
[2024-06-18T13:35:47.447+0000] {base.py:84} INFO - Using connection ID 'mysql_localhost' for task execution.
[2024-06-18T13:35:47.448+0000] {sql.py:487} INFO - Running statement: SELECT * FROM income, parameters: None
[2024-06-18T13:35:47.449+0000] {sql.py:496} INFO - Rows affected: 1
[2024-06-18T13:35:47.453+0000] {base.py:84} INFO - Using connection ID 'mysql_localhost' for task execution.
[2024-06-18T13:35:47.454+0000] {sql.py:487} INFO - Running statement: SELECT * FROM expense_group, parameters: None
[2024-06-18T13:35:47.455+0000] {sql.py:496} INFO - Rows affected: 2
[2024-06-18T13:35:47.458+0000] {base.py:84} INFO - Using connection ID 'mysql_localhost' for task execution.
[2024-06-18T13:35:47.461+0000] {sql.py:487} INFO - Running statement: SELECT * FROM income_group, parameters: None
[2024-06-18T13:35:47.461+0000] {sql.py:496} INFO - Rows affected: 1
[2024-06-18T13:35:47.462+0000] {python.py:237} INFO - Done. Returned value was: (((1, 'borisgozdenovic@gmail.com', '$2a$10$ngv6es3DGxl.6W/Tr4AMHeCPJ0/Ggj7Bkg3X3USv6fQD0n8YVGqNW', 'weekly', 'petar', 1),), ((1, 220, datetime.date(2024, 6, 12), 'Lubenica', 2, 1), (2, 1800, datetime.date(2024, 6, 12), 'Troskovi za internet Jul', 1, 1)), ((1, 1000, datetime.date(2024, 5, 30), 'prodaja monitora', 1, 1),), ((1, 'internet', 'racun za internet'), (2, 'hrana', 'hrana za radnike')), ((1, 'prodaja', 'prodaja produkta'),), ((1, 'ROLE_USER'), (2, 'ROLE_PREMIUM')))
[2024-06-18T13:35:47.462+0000] {taskinstance.py:441} INFO - ::group::Post task execution logs
[2024-06-18T13:35:47.476+0000] {taskinstance.py:1206} INFO - Marking task as SUCCESS. dag_id=etl_to_analytics_database_v3, task_id=extract_data_from_staging, run_id=manual__2024-06-18T13:35:46.691376+00:00, execution_date=20240618T133546, start_date=20240618T133547, end_date=20240618T133547
[2024-06-18T13:35:47.498+0000] {local_task_job_runner.py:240} INFO - Task exited with return code 0
[2024-06-18T13:35:47.515+0000] {taskinstance.py:3503} INFO - 1 downstream tasks scheduled from follow-on schedule check
[2024-06-18T13:35:47.516+0000] {local_task_job_runner.py:222} INFO - ::endgroup::
