[2024-06-18T13:39:17.606+0000] {local_task_job_runner.py:120} INFO - ::group::Pre task execution logs
[2024-06-18T13:39:17.621+0000] {taskinstance.py:2076} INFO - Dependencies all met for dep_context=non-requeueable deps ti=<TaskInstance: etl_to_analytics_database_v3.load_data manual__2024-06-18T13:39:14.921711+00:00 [queued]>
[2024-06-18T13:39:17.629+0000] {taskinstance.py:2076} INFO - Dependencies all met for dep_context=requeueable deps ti=<TaskInstance: etl_to_analytics_database_v3.load_data manual__2024-06-18T13:39:14.921711+00:00 [queued]>
[2024-06-18T13:39:17.630+0000] {taskinstance.py:2306} INFO - Starting attempt 1 of 1
[2024-06-18T13:39:17.641+0000] {taskinstance.py:2330} INFO - Executing <Task(PythonOperator): load_data> on 2024-06-18 13:39:14.921711+00:00
[2024-06-18T13:39:17.646+0000] {warnings.py:112} WARNING - /home/***/.local/lib/python3.12/site-packages/***/task/task_runner/standard_task_runner.py:61: DeprecationWarning: This process (pid=6572) is multi-threaded, use of fork() may lead to deadlocks in the child.
  pid = os.fork()

[2024-06-18T13:39:17.647+0000] {standard_task_runner.py:90} INFO - Running: ['***', 'tasks', 'run', 'etl_to_analytics_database_v3', 'load_data', 'manual__2024-06-18T13:39:14.921711+00:00', '--job-id', '769', '--raw', '--subdir', 'DAGS_FOLDER/batch-processing_dag.py', '--cfg-path', '/tmp/tmp9nkf4ahx']
[2024-06-18T13:39:17.648+0000] {standard_task_runner.py:63} INFO - Started process 6573 to run task
[2024-06-18T13:39:17.648+0000] {standard_task_runner.py:91} INFO - Job 769: Subtask load_data
[2024-06-18T13:39:17.679+0000] {task_command.py:426} INFO - Running <TaskInstance: etl_to_analytics_database_v3.load_data manual__2024-06-18T13:39:14.921711+00:00 [running]> on host 195daacf7793
[2024-06-18T13:39:17.741+0000] {taskinstance.py:2648} INFO - Exporting env vars: AIRFLOW_CTX_DAG_OWNER='***' AIRFLOW_CTX_DAG_ID='etl_to_analytics_database_v3' AIRFLOW_CTX_TASK_ID='load_data' AIRFLOW_CTX_EXECUTION_DATE='2024-06-18T13:39:14.921711+00:00' AIRFLOW_CTX_TRY_NUMBER='1' AIRFLOW_CTX_DAG_RUN_ID='manual__2024-06-18T13:39:14.921711+00:00'
[2024-06-18T13:39:17.741+0000] {taskinstance.py:430} INFO - ::endgroup::
[2024-06-18T13:39:17.764+0000] {base.py:84} INFO - Using connection ID 'analytics_localhost' for task execution.
[2024-06-18T13:39:17.776+0000] {batch-processing_dag.py:121} INFO - petar
[2024-06-18T13:39:17.777+0000] {batch-processing_dag.py:122} INFO - Lubenica
[2024-06-18T13:39:17.777+0000] {batch-processing_dag.py:123} INFO - 2024-06-12
[2024-06-18T13:39:17.777+0000] {batch-processing_dag.py:124} INFO - 220
[2024-06-18T13:39:17.778+0000] {batch-processing_dag.py:121} INFO - petar
[2024-06-18T13:39:17.779+0000] {batch-processing_dag.py:122} INFO - Troskovi za internet Jul
[2024-06-18T13:39:17.779+0000] {batch-processing_dag.py:123} INFO - 2024-06-12
[2024-06-18T13:39:17.779+0000] {batch-processing_dag.py:124} INFO - 1800
[2024-06-18T13:39:17.780+0000] {batch-processing_dag.py:121} INFO - bojan
[2024-06-18T13:39:17.780+0000] {batch-processing_dag.py:122} INFO - Prasence
[2024-06-18T13:39:17.780+0000] {batch-processing_dag.py:123} INFO - 2024-06-18
[2024-06-18T13:39:17.781+0000] {batch-processing_dag.py:124} INFO - 210
[2024-06-18T13:39:17.785+0000] {python.py:237} INFO - Done. Returned value was: None
[2024-06-18T13:39:17.785+0000] {taskinstance.py:441} INFO - ::group::Post task execution logs
[2024-06-18T13:39:17.791+0000] {taskinstance.py:1206} INFO - Marking task as SUCCESS. dag_id=etl_to_analytics_database_v3, task_id=load_data, run_id=manual__2024-06-18T13:39:14.921711+00:00, execution_date=20240618T133914, start_date=20240618T133917, end_date=20240618T133917
[2024-06-18T13:39:17.821+0000] {local_task_job_runner.py:240} INFO - Task exited with return code 0
[2024-06-18T13:39:17.831+0000] {taskinstance.py:3503} INFO - 0 downstream tasks scheduled from follow-on schedule check
[2024-06-18T13:39:17.833+0000] {local_task_job_runner.py:222} INFO - ::endgroup::
