[2024-06-18T13:06:32.146+0000] {local_task_job_runner.py:120} INFO - ::group::Pre task execution logs
[2024-06-18T13:06:32.163+0000] {taskinstance.py:2076} INFO - Dependencies all met for dep_context=non-requeueable deps ti=<TaskInstance: etl_to_analytics_database.extract_data_from_staging manual__2024-06-18T12:55:09.471576+00:00 [queued]>
[2024-06-18T13:06:32.168+0000] {taskinstance.py:2076} INFO - Dependencies all met for dep_context=requeueable deps ti=<TaskInstance: etl_to_analytics_database.extract_data_from_staging manual__2024-06-18T12:55:09.471576+00:00 [queued]>
[2024-06-18T13:06:32.168+0000] {taskinstance.py:2306} INFO - Starting attempt 2 of 2
[2024-06-18T13:06:32.177+0000] {taskinstance.py:2330} INFO - Executing <Task(MySqlOperator): extract_data_from_staging> on 2024-06-18 12:55:09.471576+00:00
[2024-06-18T13:06:32.181+0000] {warnings.py:112} WARNING - /home/***/.local/lib/python3.12/site-packages/***/task/task_runner/standard_task_runner.py:61: DeprecationWarning: This process (pid=6063) is multi-threaded, use of fork() may lead to deadlocks in the child.
  pid = os.fork()

[2024-06-18T13:06:32.182+0000] {standard_task_runner.py:63} INFO - Started process 6064 to run task
[2024-06-18T13:06:32.182+0000] {standard_task_runner.py:90} INFO - Running: ['***', 'tasks', 'run', 'etl_to_analytics_database', 'extract_data_from_staging', 'manual__2024-06-18T12:55:09.471576+00:00', '--job-id', '735', '--raw', '--subdir', 'DAGS_FOLDER/batch-processing_dag.py', '--cfg-path', '/tmp/tmp_xqz6v6q']
[2024-06-18T13:06:32.183+0000] {standard_task_runner.py:91} INFO - Job 735: Subtask extract_data_from_staging
[2024-06-18T13:06:32.213+0000] {task_command.py:426} INFO - Running <TaskInstance: etl_to_analytics_database.extract_data_from_staging manual__2024-06-18T12:55:09.471576+00:00 [running]> on host 195daacf7793
[2024-06-18T13:06:32.269+0000] {taskinstance.py:2648} INFO - Exporting env vars: AIRFLOW_CTX_DAG_OWNER='***' AIRFLOW_CTX_DAG_ID='etl_to_analytics_database' AIRFLOW_CTX_TASK_ID='extract_data_from_staging' AIRFLOW_CTX_EXECUTION_DATE='2024-06-18T12:55:09.471576+00:00' AIRFLOW_CTX_TRY_NUMBER='2' AIRFLOW_CTX_DAG_RUN_ID='manual__2024-06-18T12:55:09.471576+00:00'
[2024-06-18T13:06:32.270+0000] {taskinstance.py:430} INFO - ::endgroup::
[2024-06-18T13:06:32.278+0000] {sql.py:276} INFO - Executing: 
    SELECT * FROM roles;
    SELECT * FROM users;
    SELECT * FROM expense;
    SELECT * FROM income;
    SELECT * FROM expense_group;
    SELECT * FROM income_group;
    
[2024-06-18T13:06:32.283+0000] {base.py:84} INFO - Using connection ID 'mysql_localhost' for task execution.
[2024-06-18T13:06:32.289+0000] {base.py:84} INFO - Using connection ID 'mysql_localhost' for task execution.
[2024-06-18T13:06:32.295+0000] {sql.py:487} INFO - Running statement: 
    SELECT * FROM roles;
    SELECT * FROM users;
    SELECT * FROM expense;
    SELECT * FROM income;
    SELECT * FROM expense_group;
    SELECT * FROM income_group;
    , parameters: None
[2024-06-18T13:06:32.296+0000] {sql.py:496} INFO - Rows affected: 2
[2024-06-18T13:06:32.297+0000] {taskinstance.py:441} INFO - ::group::Post task execution logs
[2024-06-18T13:06:32.311+0000] {taskinstance.py:1206} INFO - Marking task as SUCCESS. dag_id=etl_to_analytics_database, task_id=extract_data_from_staging, run_id=manual__2024-06-18T12:55:09.471576+00:00, execution_date=20240618T125509, start_date=20240618T130632, end_date=20240618T130632
[2024-06-18T13:06:32.355+0000] {local_task_job_runner.py:240} INFO - Task exited with return code 0
[2024-06-18T13:06:32.362+0000] {warnings.py:112} WARNING - /home/***/.local/lib/python3.12/site-packages/***/models/baseoperator.py:1297: AirflowProviderDeprecationWarning: Call to deprecated class MySqlOperator. (Please use `***.providers.common.sql.operators.sql.SQLExecuteQueryOperator`.Also, you can provide `hook_params={'schema': <database>}`.)
  result = cls.__new__(cls)

[2024-06-18T13:06:32.372+0000] {taskinstance.py:3503} INFO - 1 downstream tasks scheduled from follow-on schedule check
[2024-06-18T13:06:32.374+0000] {local_task_job_runner.py:222} INFO - ::endgroup::
