[2024-06-18T14:35:46.873+0000] {local_task_job_runner.py:120} INFO - ::group::Pre task execution logs
[2024-06-18T14:35:46.892+0000] {taskinstance.py:2076} INFO - Dependencies all met for dep_context=non-requeueable deps ti=<TaskInstance: etl_to_analytics_database_v3.load_data manual__2024-06-18T14:35:44.333116+00:00 [queued]>
[2024-06-18T14:35:46.899+0000] {taskinstance.py:2076} INFO - Dependencies all met for dep_context=requeueable deps ti=<TaskInstance: etl_to_analytics_database_v3.load_data manual__2024-06-18T14:35:44.333116+00:00 [queued]>
[2024-06-18T14:35:46.900+0000] {taskinstance.py:2306} INFO - Starting attempt 1 of 1
[2024-06-18T14:35:46.909+0000] {taskinstance.py:2330} INFO - Executing <Task(PythonOperator): load_data> on 2024-06-18 14:35:44.333116+00:00
[2024-06-18T14:35:46.915+0000] {warnings.py:112} WARNING - /home/***/.local/lib/python3.12/site-packages/***/task/task_runner/standard_task_runner.py:61: DeprecationWarning: This process (pid=7326) is multi-threaded, use of fork() may lead to deadlocks in the child.
  pid = os.fork()

[2024-06-18T14:35:46.916+0000] {standard_task_runner.py:90} INFO - Running: ['***', 'tasks', 'run', 'etl_to_analytics_database_v3', 'load_data', 'manual__2024-06-18T14:35:44.333116+00:00', '--job-id', '773', '--raw', '--subdir', 'DAGS_FOLDER/batch-processing_dag.py', '--cfg-path', '/tmp/tmpj6f65ucn']
[2024-06-18T14:35:46.917+0000] {standard_task_runner.py:63} INFO - Started process 7327 to run task
[2024-06-18T14:35:46.917+0000] {standard_task_runner.py:91} INFO - Job 773: Subtask load_data
[2024-06-18T14:35:46.953+0000] {task_command.py:426} INFO - Running <TaskInstance: etl_to_analytics_database_v3.load_data manual__2024-06-18T14:35:44.333116+00:00 [running]> on host 195daacf7793
[2024-06-18T14:35:47.020+0000] {taskinstance.py:2648} INFO - Exporting env vars: AIRFLOW_CTX_DAG_OWNER='***' AIRFLOW_CTX_DAG_ID='etl_to_analytics_database_v3' AIRFLOW_CTX_TASK_ID='load_data' AIRFLOW_CTX_EXECUTION_DATE='2024-06-18T14:35:44.333116+00:00' AIRFLOW_CTX_TRY_NUMBER='1' AIRFLOW_CTX_DAG_RUN_ID='manual__2024-06-18T14:35:44.333116+00:00'
[2024-06-18T14:35:47.022+0000] {taskinstance.py:430} INFO - ::endgroup::
[2024-06-18T14:35:47.045+0000] {base.py:84} INFO - Using connection ID 'analytics_localhost' for task execution.
[2024-06-18T14:35:47.126+0000] {batch-processing_dag.py:128} INFO - petar
[2024-06-18T14:35:47.127+0000] {batch-processing_dag.py:129} INFO - Lubenica
[2024-06-18T14:35:47.127+0000] {batch-processing_dag.py:130} INFO - 2024-06-12
[2024-06-18T14:35:47.127+0000] {batch-processing_dag.py:131} INFO - 220
[2024-06-18T14:35:47.129+0000] {batch-processing_dag.py:128} INFO - petar
[2024-06-18T14:35:47.129+0000] {batch-processing_dag.py:129} INFO - Troskovi za internet Jul
[2024-06-18T14:35:47.129+0000] {batch-processing_dag.py:130} INFO - 2024-06-12
[2024-06-18T14:35:47.130+0000] {batch-processing_dag.py:131} INFO - 1800
[2024-06-18T14:35:47.131+0000] {batch-processing_dag.py:128} INFO - bojan
[2024-06-18T14:35:47.131+0000] {batch-processing_dag.py:129} INFO - Prasence
[2024-06-18T14:35:47.131+0000] {batch-processing_dag.py:130} INFO - 2024-06-18
[2024-06-18T14:35:47.132+0000] {batch-processing_dag.py:131} INFO - 210
[2024-06-18T14:35:47.137+0000] {python.py:237} INFO - Done. Returned value was: None
[2024-06-18T14:35:47.138+0000] {taskinstance.py:441} INFO - ::group::Post task execution logs
[2024-06-18T14:35:47.144+0000] {taskinstance.py:1206} INFO - Marking task as SUCCESS. dag_id=etl_to_analytics_database_v3, task_id=load_data, run_id=manual__2024-06-18T14:35:44.333116+00:00, execution_date=20240618T143544, start_date=20240618T143546, end_date=20240618T143547
[2024-06-18T14:35:47.171+0000] {local_task_job_runner.py:240} INFO - Task exited with return code 0
[2024-06-18T14:35:47.182+0000] {taskinstance.py:3503} INFO - 0 downstream tasks scheduled from follow-on schedule check
[2024-06-18T14:35:47.184+0000] {local_task_job_runner.py:222} INFO - ::endgroup::
