[2024-06-18T12:53:01.662+0000] {local_task_job_runner.py:120} INFO - ::group::Pre task execution logs
[2024-06-18T12:53:01.677+0000] {taskinstance.py:2076} INFO - Dependencies all met for dep_context=non-requeueable deps ti=<TaskInstance: dag_with_mysql_operator_v04.create_table manual__2024-06-18T12:53:00.599961+00:00 [queued]>
[2024-06-18T12:53:01.682+0000] {taskinstance.py:2076} INFO - Dependencies all met for dep_context=requeueable deps ti=<TaskInstance: dag_with_mysql_operator_v04.create_table manual__2024-06-18T12:53:00.599961+00:00 [queued]>
[2024-06-18T12:53:01.683+0000] {taskinstance.py:2306} INFO - Starting attempt 1 of 3
[2024-06-18T12:53:01.692+0000] {taskinstance.py:2330} INFO - Executing <Task(MySqlOperator): create_table> on 2024-06-18 12:53:00.599961+00:00
[2024-06-18T12:53:01.696+0000] {warnings.py:112} WARNING - /home/***/.local/lib/python3.12/site-packages/***/task/task_runner/standard_task_runner.py:61: DeprecationWarning: This process (pid=5879) is multi-threaded, use of fork() may lead to deadlocks in the child.
  pid = os.fork()

[2024-06-18T12:53:01.697+0000] {standard_task_runner.py:63} INFO - Started process 5880 to run task
[2024-06-18T12:53:01.697+0000] {standard_task_runner.py:90} INFO - Running: ['***', 'tasks', 'run', 'dag_with_mysql_operator_v04', 'create_table', 'manual__2024-06-18T12:53:00.599961+00:00', '--job-id', '730', '--raw', '--subdir', 'DAGS_FOLDER/mysql_dag.py', '--cfg-path', '/tmp/tmptyulcn74']
[2024-06-18T12:53:01.698+0000] {standard_task_runner.py:91} INFO - Job 730: Subtask create_table
[2024-06-18T12:53:01.726+0000] {task_command.py:426} INFO - Running <TaskInstance: dag_with_mysql_operator_v04.create_table manual__2024-06-18T12:53:00.599961+00:00 [running]> on host 195daacf7793
[2024-06-18T12:53:01.780+0000] {taskinstance.py:2648} INFO - Exporting env vars: AIRFLOW_CTX_DAG_OWNER='***' AIRFLOW_CTX_DAG_ID='dag_with_mysql_operator_v04' AIRFLOW_CTX_TASK_ID='create_table' AIRFLOW_CTX_EXECUTION_DATE='2024-06-18T12:53:00.599961+00:00' AIRFLOW_CTX_TRY_NUMBER='1' AIRFLOW_CTX_DAG_RUN_ID='manual__2024-06-18T12:53:00.599961+00:00'
[2024-06-18T12:53:01.781+0000] {taskinstance.py:430} INFO - ::endgroup::
[2024-06-18T12:53:01.789+0000] {sql.py:276} INFO - Executing: 
            create table if not exists dag_runs (
                dt date,
                dag_id varchar(50),
                primary key (dt, dag_id)
            )
        
[2024-06-18T12:53:01.794+0000] {base.py:84} INFO - Using connection ID 'mysql_localhost' for task execution.
[2024-06-18T12:53:01.798+0000] {base.py:84} INFO - Using connection ID 'mysql_localhost' for task execution.
[2024-06-18T12:53:01.804+0000] {sql.py:487} INFO - Running statement: 
            create table if not exists dag_runs (
                dt date,
                dag_id varchar(50),
                primary key (dt, dag_id)
            )
        , parameters: None
[2024-06-18T12:53:01.806+0000] {sql.py:496} INFO - Rows affected: 0
[2024-06-18T12:53:01.807+0000] {taskinstance.py:441} INFO - ::group::Post task execution logs
[2024-06-18T12:53:01.812+0000] {taskinstance.py:1206} INFO - Marking task as SUCCESS. dag_id=dag_with_mysql_operator_v04, task_id=create_table, run_id=manual__2024-06-18T12:53:00.599961+00:00, execution_date=20240618T125300, start_date=20240618T125301, end_date=20240618T125301
[2024-06-18T12:53:01.831+0000] {local_task_job_runner.py:240} INFO - Task exited with return code 0
[2024-06-18T12:53:01.837+0000] {warnings.py:112} WARNING - /home/***/.local/lib/python3.12/site-packages/***/models/baseoperator.py:1297: AirflowProviderDeprecationWarning: Call to deprecated class MySqlOperator. (Please use `***.providers.common.sql.operators.sql.SQLExecuteQueryOperator`.Also, you can provide `hook_params={'schema': <database>}`.)
  result = cls.__new__(cls)

[2024-06-18T12:53:01.847+0000] {taskinstance.py:3503} INFO - 1 downstream tasks scheduled from follow-on schedule check
[2024-06-18T12:53:01.849+0000] {local_task_job_runner.py:222} INFO - ::endgroup::
