[2024-06-18T13:06:36.127+0000] {local_task_job_runner.py:120} INFO - ::group::Pre task execution logs
[2024-06-18T13:06:36.143+0000] {taskinstance.py:2076} INFO - Dependencies all met for dep_context=non-requeueable deps ti=<TaskInstance: etl_to_analytics_database.extract_data_from_staging manual__2024-06-18T13:06:35.019519+00:00 [queued]>
[2024-06-18T13:06:36.148+0000] {taskinstance.py:2076} INFO - Dependencies all met for dep_context=requeueable deps ti=<TaskInstance: etl_to_analytics_database.extract_data_from_staging manual__2024-06-18T13:06:35.019519+00:00 [queued]>
[2024-06-18T13:06:36.148+0000] {taskinstance.py:2306} INFO - Starting attempt 1 of 1
[2024-06-18T13:06:36.157+0000] {taskinstance.py:2330} INFO - Executing <Task(MySqlOperator): extract_data_from_staging> on 2024-06-18 13:06:35.019519+00:00
[2024-06-18T13:06:36.161+0000] {warnings.py:112} WARNING - /home/***/.local/lib/python3.12/site-packages/***/task/task_runner/standard_task_runner.py:61: DeprecationWarning: This process (pid=6067) is multi-threaded, use of fork() may lead to deadlocks in the child.
  pid = os.fork()

[2024-06-18T13:06:36.162+0000] {standard_task_runner.py:63} INFO - Started process 6075 to run task
[2024-06-18T13:06:36.162+0000] {standard_task_runner.py:90} INFO - Running: ['***', 'tasks', 'run', 'etl_to_analytics_database', 'extract_data_from_staging', 'manual__2024-06-18T13:06:35.019519+00:00', '--job-id', '737', '--raw', '--subdir', 'DAGS_FOLDER/batch-processing_dag.py', '--cfg-path', '/tmp/tmpl53obsdk']
[2024-06-18T13:06:36.163+0000] {standard_task_runner.py:91} INFO - Job 737: Subtask extract_data_from_staging
[2024-06-18T13:06:36.194+0000] {task_command.py:426} INFO - Running <TaskInstance: etl_to_analytics_database.extract_data_from_staging manual__2024-06-18T13:06:35.019519+00:00 [running]> on host 195daacf7793
[2024-06-18T13:06:36.246+0000] {taskinstance.py:2648} INFO - Exporting env vars: AIRFLOW_CTX_DAG_OWNER='***' AIRFLOW_CTX_DAG_ID='etl_to_analytics_database' AIRFLOW_CTX_TASK_ID='extract_data_from_staging' AIRFLOW_CTX_EXECUTION_DATE='2024-06-18T13:06:35.019519+00:00' AIRFLOW_CTX_TRY_NUMBER='1' AIRFLOW_CTX_DAG_RUN_ID='manual__2024-06-18T13:06:35.019519+00:00'
[2024-06-18T13:06:36.247+0000] {taskinstance.py:430} INFO - ::endgroup::
[2024-06-18T13:06:36.255+0000] {sql.py:276} INFO - Executing: 
    SELECT * FROM roles;
    SELECT * FROM users;
    SELECT * FROM expense;
    SELECT * FROM income;
    SELECT * FROM expense_group;
    SELECT * FROM income_group;
    
[2024-06-18T13:06:36.261+0000] {base.py:84} INFO - Using connection ID 'mysql_localhost' for task execution.
[2024-06-18T13:06:36.266+0000] {base.py:84} INFO - Using connection ID 'mysql_localhost' for task execution.
[2024-06-18T13:06:36.271+0000] {sql.py:487} INFO - Running statement: 
    SELECT * FROM roles;
    SELECT * FROM users;
    SELECT * FROM expense;
    SELECT * FROM income;
    SELECT * FROM expense_group;
    SELECT * FROM income_group;
    , parameters: None
[2024-06-18T13:06:36.272+0000] {sql.py:496} INFO - Rows affected: 2
[2024-06-18T13:06:36.272+0000] {taskinstance.py:441} INFO - ::group::Post task execution logs
[2024-06-18T13:06:36.286+0000] {taskinstance.py:1206} INFO - Marking task as SUCCESS. dag_id=etl_to_analytics_database, task_id=extract_data_from_staging, run_id=manual__2024-06-18T13:06:35.019519+00:00, execution_date=20240618T130635, start_date=20240618T130636, end_date=20240618T130636
[2024-06-18T13:06:36.335+0000] {local_task_job_runner.py:240} INFO - Task exited with return code 0
[2024-06-18T13:06:36.342+0000] {warnings.py:112} WARNING - /home/***/.local/lib/python3.12/site-packages/***/models/baseoperator.py:1297: AirflowProviderDeprecationWarning: Call to deprecated class MySqlOperator. (Please use `***.providers.common.sql.operators.sql.SQLExecuteQueryOperator`.Also, you can provide `hook_params={'schema': <database>}`.)
  result = cls.__new__(cls)

[2024-06-18T13:06:36.352+0000] {taskinstance.py:3503} INFO - 1 downstream tasks scheduled from follow-on schedule check
[2024-06-18T13:06:36.354+0000] {local_task_job_runner.py:222} INFO - ::endgroup::
